2016-10-29 16:54:16 INFO  Runner:64 - dsfgsfdlgmf;ldksgk;lsfdk
2016-10-29 16:54:34 INFO  Runner:64 - java.text.ParseException
2016-10-29 16:57:38 ERROR Runner:63 - java.text.ParseException
2016-10-29 17:03:03 INFO  WriteLoger:63 - java.text.ParseException
2016-10-29 17:16:52 INFO  Runner:63 - java.text.ParseException
2016-10-29 17:17:54 INFO  Runner:60 - java.text.ParseException
2016-10-29 18:05:32 INFO  Runner:63 - java.text.ParseException
2016-10-29 18:18:26 INFO  Runner:63 - java.text.ParseException
2016-11-01 09:04:41 INFO  Runner:62 - java.text.ParseException
2016-11-01 09:33:55 INFO  Runner:62 - java.text.ParseException
2016-11-01 09:48:43 INFO  Runner:64 - java.text.ParseException
2016-11-01 09:49:14 INFO  Runner:64 - java.text.ParseException
2016-11-01 09:49:42 ERROR Runner:64 - java.text.ParseException
2016-11-01 09:50:06 ERROR Runner:64 - java.text.ParseException
2016-11-02 10:33:10 ERROR Runner:16 - java.text.ParseException
2016-11-02 11:00:30 INFO  OnlineBook:50 - success
2016-11-02 11:01:06 INFO  OnlineBook:50 - success
2016-11-02 11:01:14 INFO  OnlineBook:50 - success
2016-11-09 12:54:40 ERROR PropertiesOnlineBook:23 - java.io.FileNotFoundException: resources\roat.properties (Не удается найти указанный файл)
2016-11-09 12:54:40 ERROR OnlineBook:70 - java.lang.NullPointerException
2016-11-09 12:54:40 ERROR OnlineBook:82 - java.lang.NullPointerException
2016-11-09 12:56:06 ERROR PropertiesOnlineBook:23 - java.io.FileNotFoundException: resources\roat.properties (Не удается найти указанный файл)
2016-11-09 16:37:25 ERROR Seriazeble:27 - java.io.InvalidClassException: model.Order; local class incompatible: stream classdesc serialVersionUID = -2163731575786390735, local class serialVersionUID = -6486483913387594762
2016-11-09 16:39:58 ERROR Seriazeble:27 - java.io.InvalidClassException: model.Order; local class incompatible: stream classdesc serialVersionUID = -2163731575786390735, local class serialVersionUID = -6486483913387594762
2016-11-09 16:40:18 ERROR Seriazeble:27 - java.io.InvalidClassException: model.Order; local class incompatible: stream classdesc serialVersionUID = -2163731575786390735, local class serialVersionUID = -6486483913387594762
2016-11-09 16:42:47 ERROR Seriazeble:27 - java.io.InvalidClassException: model.Order; local class incompatible: stream classdesc serialVersionUID = -2163731575786390735, local class serialVersionUID = -6486483913387594762
2016-11-09 16:45:31 ERROR Seriazeble:27 - java.io.InvalidClassException: model.Order; local class incompatible: stream classdesc serialVersionUID = -2163731575786390735, local class serialVersionUID = -1998355820590834409
2016-11-09 16:46:02 ERROR Seriazeble:28 - java.io.InvalidClassException: model.Order; local class incompatible: stream classdesc serialVersionUID = -2163731575786390735, local class serialVersionUID = -6486483913387594762
2016-11-09 16:46:32 ERROR Seriazeble:28 - java.io.InvalidClassException: model.Order; local class incompatible: stream classdesc serialVersionUID = -2163731575786390735, local class serialVersionUID = -6486483913387594762
2016-11-09 16:46:32 ERROR Seriazeble:28 - java.io.InvalidClassException: model.Order; local class incompatible: stream classdesc serialVersionUID = -2163731575786390735, local class serialVersionUID = -6486483913387594762
2016-11-09 16:47:04 ERROR Seriazeble:28 - java.io.InvalidClassException: model.Order; local class incompatible: stream classdesc serialVersionUID = -2163731575786390735, local class serialVersionUID = -6486483913387594762
2016-11-09 16:47:04 ERROR Seriazeble:28 - java.io.InvalidClassException: model.Order; local class incompatible: stream classdesc serialVersionUID = -2163731575786390735, local class serialVersionUID = -6486483913387594762
2016-11-09 16:47:17 ERROR Seriazeble:28 - java.io.InvalidClassException: model.Order; local class incompatible: stream classdesc serialVersionUID = -2163731575786390735, local class serialVersionUID = -6486483913387594762
2016-11-09 16:47:17 ERROR Seriazeble:28 - java.io.InvalidClassException: model.Order; local class incompatible: stream classdesc serialVersionUID = -2163731575786390735, local class serialVersionUID = -6486483913387594762
2016-11-09 16:47:35 ERROR Seriazeble:28 - java.io.InvalidClassException: model.Order; local class incompatible: stream classdesc serialVersionUID = -2163731575786390735, local class serialVersionUID = -6486483913387594762
2016-11-09 16:47:35 ERROR Seriazeble:28 - java.io.InvalidClassException: model.Order; local class incompatible: stream classdesc serialVersionUID = -2163731575786390735, local class serialVersionUID = -6486483913387594762
2016-11-09 16:54:20 ERROR Seriazeble:27 - java.io.InvalidClassException: model.Order; local class incompatible: stream classdesc serialVersionUID = -2163731575786390735, local class serialVersionUID = -6486483913387594762
2016-11-09 16:55:47 ERROR Seriazeble:27 - java.io.InvalidClassException: model.Order; local class incompatible: stream classdesc serialVersionUID = -2163731575786390735, local class serialVersionUID = -6486483913387594762
2016-11-11 09:29:24 ERROR Seriazeble:30 - java.lang.NumberFormatException: null
2016-11-11 09:32:30 ERROR Seriazeble:30 - java.lang.NumberFormatException: null
2016-11-11 09:35:40 ERROR Seriazeble:31 - java.lang.NumberFormatException: null
2016-11-11 09:37:10 ERROR Seriazeble:30 - java.io.InvalidClassException: model.Order; local class incompatible: stream classdesc serialVersionUID = -2163731575786390735, local class serialVersionUID = -6486483913387594762
2016-11-13 15:51:06 ERROR Seriazeble:30 - java.io.InvalidClassException: model.Book; local class incompatible: stream classdesc serialVersionUID = 7035448861061198656, local class serialVersionUID = 7023638879688777786
2016-11-23 16:22:39 ERROR Seriazeble:31 - java.io.InvalidClassException: model.Book; local class incompatible: stream classdesc serialVersionUID = 7035448861061198656, local class serialVersionUID = -7602109397831358528
2016-11-23 16:24:51 ERROR Seriazeble:31 - java.io.InvalidClassException: model.Book; local class incompatible: stream classdesc serialVersionUID = 7035448861061198656, local class serialVersionUID = -7602109397831358528
2016-11-23 21:12:20 ERROR Connection:62 - java.net.SocketException: Connection reset
2016-11-23 21:13:35 ERROR Server:28 - java.net.BindException: Address already in use: JVM_Bind
2016-11-23 21:13:40 ERROR Server:28 - java.net.BindException: Address already in use: JVM_Bind
2016-11-23 21:14:25 ERROR Connection:62 - java.net.SocketException: Connection reset
2016-11-23 21:40:47 ERROR Connection:62 - java.net.SocketException: Connection reset
2016-11-23 21:41:36 ERROR Server:28 - java.net.BindException: Address already in use: JVM_Bind
2016-11-23 21:43:42 ERROR Connection:62 - java.net.SocketException: Connection reset
2016-11-23 21:43:50 ERROR Server:28 - java.net.BindException: Address already in use: JVM_Bind
2016-11-23 21:45:15 ERROR Connection:62 - java.net.SocketException: Connection reset
2016-11-23 21:45:21 ERROR Connection:62 - java.net.SocketException: Connection reset
2016-11-23 21:47:37 ERROR Server:28 - java.net.BindException: Address already in use: JVM_Bind
2016-11-24 09:06:07 ERROR Server:28 - java.net.BindException: Address already in use: JVM_Bind
2016-11-24 09:23:21 ERROR Server:28 - java.net.BindException: Address already in use: JVM_Bind
2016-11-24 09:56:28 ERROR Server:28 - java.net.BindException: Address already in use: JVM_Bind
2016-11-24 09:58:46 ERROR Server:28 - java.net.BindException: Address already in use: JVM_Bind
2016-11-24 10:23:39 ERROR Server:28 - java.net.BindException: Address already in use: JVM_Bind
2016-11-24 10:23:54 ERROR Server:28 - java.net.BindException: Address already in use: JVM_Bind
2016-11-24 10:24:37 ERROR Server:28 - java.net.BindException: Address already in use: JVM_Bind
2016-11-24 10:28:16 ERROR Server:28 - java.net.BindException: Address already in use: JVM_Bind
2016-11-24 10:35:21 ERROR Server:28 - java.net.BindException: Address already in use: JVM_Bind
2016-11-24 11:06:35 ERROR Server:28 - java.net.BindException: Address already in use: JVM_Bind
2016-11-24 11:10:11 ERROR Connection:74 - java.net.SocketException: Connection reset
2016-11-24 11:16:55 ERROR Connection:74 - java.io.EOFException
2016-11-24 11:23:29 ERROR Server:28 - java.net.BindException: Address already in use: JVM_Bind
2016-11-24 11:26:13 ERROR Server:28 - java.net.BindException: Address already in use: JVM_Bind
2016-11-25 10:40:49 ERROR Connection:101 - java.net.SocketException: Connection reset
2016-11-25 10:43:41 ERROR Connection:101 - java.net.SocketException: Connection reset
2016-11-25 11:02:29 ERROR Server:37 - java.net.BindException: Address already in use: JVM_Bind
2016-11-25 11:03:09 ERROR Connection:116 - java.net.SocketException: Connection reset
2016-11-25 12:28:41 ERROR Connection:143 - java.net.SocketException: Connection reset
2016-11-25 12:30:20 ERROR Connection:143 - java.net.SocketException: Connection reset
2016-11-25 12:30:39 ERROR Connection:143 - java.net.SocketException: Connection reset
2016-11-25 13:59:57 ERROR Connection:143 - java.net.SocketException: Connection reset
2016-11-25 14:06:05 ERROR Connection:143 - java.net.SocketException: Connection reset
2016-11-25 14:09:46 ERROR Server:37 - java.net.BindException: Address already in use: JVM_Bind
2016-11-25 14:10:20 ERROR Connection:143 - java.net.SocketException: Connection reset
2016-11-26 11:25:23 ERROR Connection:149 - java.net.SocketException: Connection reset
2016-11-26 11:42:03 ERROR Connection:153 - java.net.SocketException: Connection reset
2016-11-26 15:43:52 ERROR Server:37 - java.net.BindException: Address already in use: JVM_Bind
2016-11-26 15:44:18 ERROR Connection:183 - java.net.SocketException: Connection reset
2016-11-26 15:44:41 ERROR Connection:183 - java.net.SocketException: Connection reset
2016-11-26 15:48:56 ERROR Connection:183 - java.net.SocketException: Connection reset
2016-11-26 15:52:59 ERROR Connection:183 - java.net.SocketException: Connection reset
2016-11-26 15:53:13 ERROR Connection:183 - java.net.SocketException: Connection reset
2016-11-26 15:58:09 ERROR Connection:183 - java.net.SocketException: Connection reset
2016-11-26 15:58:09 ERROR Connection:183 - java.net.SocketException: Connection reset
2016-11-26 15:58:09 ERROR Connection:183 - java.net.SocketException: Connection reset
2016-11-26 16:02:27 ERROR Connection:183 - java.net.SocketException: Connection reset
2016-11-26 16:02:27 ERROR Connection:183 - java.net.SocketException: Connection reset
2016-11-26 16:02:27 ERROR Connection:183 - java.net.SocketException: Connection reset
2016-11-26 16:02:27 ERROR Connection:183 - java.net.SocketException: Connection reset
2016-11-26 16:02:27 ERROR Connection:183 - java.net.SocketException: Connection reset
2016-11-26 16:04:05 ERROR Connection:183 - java.io.EOFException
2016-11-26 16:04:08 ERROR Connection:183 - java.io.EOFException
2016-11-26 16:04:20 ERROR Connection:183 - java.io.EOFException
2016-11-26 16:04:25 ERROR Connection:183 - java.io.EOFException
2016-11-26 16:04:26 ERROR Connection:183 - java.io.EOFException
2016-11-26 16:04:27 ERROR Connection:183 - java.io.EOFException
2016-11-26 16:04:39 ERROR Connection:183 - java.io.EOFException
2016-11-26 16:04:40 ERROR Connection:183 - java.io.EOFException
2016-11-26 16:04:42 ERROR Connection:183 - java.io.EOFException
2016-11-26 16:04:54 ERROR Connection:183 - java.io.EOFException
2016-11-26 16:04:55 ERROR Connection:183 - java.io.EOFException
2016-11-26 16:04:56 ERROR Connection:183 - java.io.EOFException
2016-11-26 16:04:56 ERROR Connection:183 - java.io.EOFException
2016-11-26 16:04:57 ERROR Connection:183 - java.io.EOFException
2016-11-26 16:04:58 ERROR Connection:183 - java.io.EOFException
2016-11-26 17:00:07 ERROR Server:41 - java.net.BindException: Address already in use: JVM_Bind
2016-11-26 17:00:29 ERROR Connection:183 - java.io.EOFException
2016-11-26 17:00:30 ERROR Connection:183 - java.io.EOFException
2016-11-26 17:00:32 ERROR Connection:183 - java.io.EOFException
2016-11-26 17:00:32 ERROR Connection:183 - java.io.EOFException
2016-11-26 17:00:33 ERROR Connection:183 - java.io.EOFException
2016-11-26 17:00:34 ERROR Connection:183 - java.io.EOFException
2016-11-26 17:00:35 ERROR Connection:183 - java.io.EOFException
2016-11-26 17:00:36 ERROR Connection:183 - java.io.EOFException
2016-11-26 17:00:39 ERROR Connection:183 - java.io.EOFException
2016-11-26 22:09:15 ERROR Server:38 - java.net.BindException: Address already in use: JVM_Bind
2016-11-26 22:11:40 ERROR Connection:183 - java.io.EOFException
2016-11-26 22:11:43 ERROR Connection:183 - java.io.EOFException
2016-11-26 22:11:45 ERROR Connection:183 - java.io.EOFException
2016-11-26 22:11:47 ERROR Connection:183 - java.io.EOFException
2016-11-26 22:11:48 ERROR Connection:183 - java.io.EOFException
2016-11-26 22:12:20 ERROR Connection:183 - java.io.EOFException
2016-11-26 22:12:26 ERROR Connection:183 - java.io.EOFException
2016-11-26 22:12:38 ERROR Connection:183 - java.io.EOFException
2016-11-26 22:13:24 ERROR Connection:183 - java.io.EOFException
2016-11-26 22:13:25 ERROR Connection:183 - java.io.EOFException
2016-11-26 22:14:09 ERROR Connection:183 - java.io.EOFException
2016-11-26 22:14:14 ERROR Connection:183 - java.io.EOFException
2016-11-26 22:14:34 ERROR Connection:183 - java.io.EOFException
2016-11-26 22:16:29 ERROR Connection:183 - java.io.EOFException
2016-11-26 22:16:33 ERROR Connection:183 - java.io.EOFException
2016-11-26 22:16:35 ERROR Connection:183 - java.io.EOFException
2016-11-26 22:16:36 ERROR Connection:183 - java.io.EOFException
2016-11-26 22:16:36 ERROR Connection:183 - java.io.EOFException
2016-11-26 22:16:51 ERROR Connection:183 - java.io.EOFException
2016-11-26 22:16:55 ERROR Connection:183 - java.io.EOFException
2016-11-26 22:24:53 ERROR Connection:183 - java.io.EOFException
2016-11-26 22:24:54 ERROR Connection:183 - java.io.EOFException
2016-11-26 22:24:55 ERROR Connection:183 - java.io.EOFException
2016-11-26 22:24:56 ERROR Connection:183 - java.io.EOFException
2016-11-26 22:24:57 ERROR Connection:183 - java.io.EOFException
2016-11-26 22:24:59 ERROR Connection:183 - java.io.EOFException
2016-11-26 22:25:08 ERROR Connection:183 - java.io.EOFException
2016-11-26 22:25:08 ERROR Connection:183 - java.io.EOFException
2016-11-26 22:25:09 ERROR Connection:183 - java.io.EOFException
2016-11-26 22:25:09 ERROR Connection:183 - java.io.EOFException
2016-11-26 22:25:10 ERROR Connection:183 - java.io.EOFException
2016-11-26 22:25:19 ERROR Connection:183 - java.io.EOFException
2016-11-26 22:25:20 ERROR Connection:183 - java.io.EOFException
2016-11-26 22:25:21 ERROR Connection:183 - java.io.EOFException
2016-11-26 22:25:22 ERROR Connection:183 - java.io.EOFException
2016-11-26 22:25:24 ERROR Connection:183 - java.io.EOFException
2016-11-26 22:25:25 ERROR Connection:183 - java.io.EOFException
2016-11-26 22:25:26 ERROR Connection:183 - java.io.EOFException
2016-11-26 22:25:26 ERROR Connection:183 - java.io.EOFException
2016-11-26 22:25:27 ERROR Connection:183 - java.io.EOFException
2016-11-26 22:25:28 ERROR Connection:183 - java.io.EOFException
2016-11-26 22:25:29 ERROR Connection:183 - java.io.EOFException
2016-11-26 22:25:37 ERROR Connection:183 - java.io.EOFException
2016-11-26 22:25:37 ERROR Connection:183 - java.io.EOFException
2016-11-26 22:25:38 ERROR Connection:183 - java.io.EOFException
2016-11-26 22:25:38 ERROR Connection:183 - java.io.EOFException
2016-11-26 22:25:39 ERROR Connection:183 - java.io.EOFException
2016-11-26 22:25:39 ERROR Connection:183 - java.io.EOFException
2016-11-26 22:25:39 ERROR Connection:183 - java.io.EOFException
2016-11-26 22:25:39 ERROR Connection:183 - java.io.EOFException
2016-11-26 22:25:40 ERROR Connection:183 - java.io.EOFException
2016-11-26 22:25:40 ERROR Connection:183 - java.io.EOFException
2016-11-26 22:25:41 ERROR Connection:183 - java.io.EOFException
2016-11-26 22:25:41 ERROR Connection:183 - java.io.EOFException
2016-11-26 22:25:42 ERROR Connection:183 - java.io.EOFException
2016-11-26 22:25:43 ERROR Connection:183 - java.io.EOFException
2016-11-26 22:25:43 ERROR Connection:183 - java.io.EOFException
2016-11-26 22:25:43 ERROR Connection:183 - java.io.EOFException
2016-11-26 22:25:44 ERROR Connection:183 - java.io.EOFException
2016-11-26 22:25:44 ERROR Connection:183 - java.io.EOFException
2016-11-26 22:25:46 ERROR Connection:183 - java.io.EOFException
2016-11-26 22:25:46 ERROR Connection:183 - java.io.EOFException
2016-11-26 22:27:49 ERROR Connection:183 - java.io.EOFException
2016-11-26 22:29:02 ERROR Connection:184 - java.io.EOFException
2016-11-26 22:29:02 ERROR Connection:184 - java.io.EOFException
2016-11-26 22:29:08 ERROR Connection:184 - java.io.EOFException
2016-11-26 22:29:08 ERROR Connection:184 - java.io.EOFException
2016-11-26 22:29:09 ERROR Connection:184 - java.io.EOFException
2016-11-26 22:29:09 ERROR Connection:184 - java.io.EOFException
2016-11-26 22:29:10 ERROR Connection:184 - java.io.EOFException
2016-11-26 22:29:10 ERROR Connection:184 - java.io.EOFException
2016-11-26 22:29:12 ERROR Connection:184 - java.io.EOFException
2016-11-26 22:29:12 ERROR Connection:184 - java.io.EOFException
2016-11-26 22:29:14 ERROR Connection:184 - java.io.EOFException
2016-11-26 22:29:14 ERROR Connection:184 - java.io.EOFException
2016-11-26 22:29:15 ERROR Connection:184 - java.io.EOFException
2016-11-26 22:29:15 ERROR Connection:184 - java.io.EOFException
2016-11-26 22:29:29 ERROR Connection:184 - java.io.EOFException
2016-11-26 22:29:29 ERROR Connection:184 - java.io.EOFException
2016-11-26 22:29:30 ERROR Connection:184 - java.io.EOFException
2016-11-26 22:29:30 ERROR Connection:184 - java.io.EOFException
2016-11-26 22:29:31 ERROR Connection:184 - java.io.EOFException
2016-11-26 22:29:31 ERROR Connection:184 - java.io.EOFException
2016-11-26 22:29:33 ERROR Connection:184 - java.io.EOFException
2016-11-26 22:29:33 ERROR Connection:184 - java.io.EOFException
2016-11-26 22:34:27 ERROR Connection:183 - java.io.EOFException
2016-11-26 22:34:30 ERROR Connection:183 - java.io.EOFException
2016-11-26 22:39:42 ERROR Connection:183 - java.io.EOFException
2016-11-26 22:53:11 ERROR Connection:183 - java.io.EOFException
2016-11-26 22:53:13 ERROR Connection:183 - java.io.EOFException
2016-11-26 22:53:23 ERROR Connection:183 - java.io.EOFException
2016-11-26 22:53:26 ERROR Connection:183 - java.io.EOFException
2016-11-27 21:40:05 ERROR Server:37 - java.net.BindException: Address already in use: JVM_Bind
2016-11-27 21:45:14 ERROR Server:37 - java.net.BindException: Address already in use: JVM_Bind
2016-11-27 21:45:37 ERROR Connection:180 - java.net.SocketException: Connection reset
2016-11-27 21:48:54 ERROR Connection:180 - java.net.SocketException: Connection reset
2016-11-27 21:56:21 ERROR Connection:180 - java.net.SocketException: Connection reset
2016-11-27 21:58:44 ERROR Connection:181 - java.net.SocketException: Software caused connection abort: socket write error
2016-11-27 21:58:44 ERROR Connection:196 - java.net.SocketException: Socket closed
2016-11-27 22:01:53 ERROR Connection:181 - java.net.SocketException: Software caused connection abort: socket write error
2016-11-27 22:01:53 ERROR Connection:196 - java.net.SocketException: Socket closed
2016-11-27 22:04:27 ERROR Connection:181 - java.net.SocketException: Software caused connection abort: socket write error
2016-11-27 22:04:27 ERROR Connection:196 - java.net.SocketException: Socket closed
2016-11-27 22:18:55 ERROR Connection:178 - java.net.SocketException: Software caused connection abort: socket write error
2016-11-27 22:18:55 ERROR Connection:193 - java.net.SocketException: Socket closed
2016-11-27 22:32:49 ERROR Connection:165 - java.net.SocketException: Software caused connection abort: socket write error
2016-11-27 22:32:49 ERROR Connection:179 - java.net.SocketException: Socket closed
2016-11-27 22:34:12 ERROR Connection:165 - java.net.SocketException: Software caused connection abort: socket write error
2016-11-27 22:34:12 ERROR Connection:179 - java.net.SocketException: Socket closed
2016-11-27 22:35:35 ERROR Connection:165 - java.net.SocketException: Software caused connection abort: socket write error
2016-11-27 22:35:35 ERROR Connection:179 - java.net.SocketException: Socket closed
2016-11-28 10:37:04 ERROR Connection:163 - java.net.SocketException: Connection reset by peer: socket write error
2016-11-28 10:37:04 ERROR Connection:176 - java.net.SocketException: Socket closed
2016-11-28 10:37:55 ERROR Connection:163 - java.net.SocketException: Connection reset by peer: socket write error
2016-11-28 10:37:55 ERROR Connection:176 - java.net.SocketException: Socket closed
2016-11-28 11:04:32 ERROR Connection:167 - java.net.SocketException: Connection reset by peer: socket write error
2016-11-28 11:04:32 ERROR Connection:180 - java.net.SocketException: Socket closed
2016-11-28 11:05:34 ERROR Connection:167 - java.net.SocketException: Connection reset by peer: socket write error
2016-11-28 11:05:34 ERROR Connection:180 - java.net.SocketException: Socket closed
2016-11-28 11:07:07 ERROR Connection:167 - java.net.SocketException: Connection reset by peer: socket write error
2016-11-28 11:07:07 ERROR Connection:180 - java.net.SocketException: Socket closed
2016-11-28 11:07:07 ERROR Connection:167 - java.net.SocketException: Connection reset by peer: socket write error
2016-11-28 11:07:07 ERROR Connection:180 - java.net.SocketException: Socket closed
2016-11-28 11:07:07 ERROR Connection:167 - java.net.SocketException: Connection reset by peer: socket write error
2016-11-28 11:07:07 ERROR Connection:180 - java.net.SocketException: Socket closed
2016-11-28 11:07:07 ERROR Connection:167 - java.net.SocketException: Connection reset by peer: socket write error
2016-11-28 11:07:07 ERROR Connection:180 - java.net.SocketException: Socket closed
2016-11-28 11:07:07 ERROR Connection:167 - java.net.SocketException: Connection reset by peer: socket write error
2016-11-28 11:07:07 ERROR Connection:180 - java.net.SocketException: Socket closed
2016-11-28 11:07:07 ERROR Connection:167 - java.net.SocketException: Connection reset by peer: socket write error
2016-11-28 11:07:07 ERROR Connection:180 - java.net.SocketException: Socket closed
2016-11-28 11:07:07 ERROR Connection:167 - java.net.SocketException: Connection reset by peer: socket write error
2016-11-28 11:07:07 ERROR Connection:180 - java.net.SocketException: Socket closed
2016-11-28 11:07:07 ERROR Connection:167 - java.net.SocketException: Connection reset by peer: socket write error
2016-11-28 11:07:07 ERROR Connection:167 - java.net.SocketException: Connection reset by peer: socket write error
2016-11-28 11:07:07 ERROR Connection:180 - java.net.SocketException: Socket closed
2016-11-28 11:07:07 ERROR Connection:167 - java.net.SocketException: Connection reset by peer: socket write error
2016-11-28 11:07:07 ERROR Connection:180 - java.net.SocketException: Socket closed
2016-11-28 11:07:07 ERROR Connection:167 - java.net.SocketException: Connection reset by peer: socket write error
2016-11-28 11:07:07 ERROR Connection:180 - java.net.SocketException: Socket closed
2016-11-28 11:07:07 ERROR Connection:167 - java.net.SocketException: Connection reset by peer: socket write error
2016-11-28 11:07:07 ERROR Connection:167 - java.net.SocketException: Connection reset by peer: socket write error
2016-11-28 11:07:07 ERROR Connection:180 - java.net.SocketException: Socket closed
2016-11-28 11:07:07 ERROR Connection:167 - java.net.SocketException: Connection reset by peer: socket write error
2016-11-28 11:07:07 ERROR Connection:180 - java.net.SocketException: Socket closed
2016-11-28 11:07:07 ERROR Connection:167 - java.net.SocketException: Connection reset by peer: socket write error
2016-11-28 11:07:07 ERROR Connection:180 - java.net.SocketException: Socket closed
2016-11-28 11:07:07 ERROR Connection:167 - java.net.SocketException: Connection reset by peer: socket write error
2016-11-28 11:07:07 ERROR Connection:180 - java.net.SocketException: Socket closed
2016-11-28 11:07:07 ERROR Connection:180 - java.net.SocketException: Socket closed
2016-11-28 11:07:07 ERROR Connection:167 - java.net.SocketException: Connection reset by peer: socket write error
2016-11-28 11:07:07 ERROR Connection:180 - java.net.SocketException: Socket closed
2016-11-28 11:07:07 ERROR Connection:167 - java.net.SocketException: Connection reset by peer: socket write error
2016-11-28 11:07:07 ERROR Connection:180 - java.net.SocketException: Socket closed
2016-11-28 11:07:07 ERROR Connection:180 - java.net.SocketException: Socket closed
2016-11-28 11:08:01 ERROR Connection:168 - java.net.SocketException: Connection reset
2016-11-28 11:08:01 ERROR Connection:168 - java.net.SocketException: Connection reset
2016-11-28 11:08:01 ERROR Connection:168 - java.net.SocketException: Connection reset
2016-11-28 11:08:01 ERROR Connection:168 - java.net.SocketException: Connection reset
2016-11-28 11:08:01 ERROR Connection:168 - java.net.SocketException: Connection reset
2016-11-28 11:08:01 ERROR Connection:168 - java.net.SocketException: Connection reset
2016-11-28 11:08:01 ERROR Connection:168 - java.net.SocketException: Connection reset
2016-11-28 11:08:01 ERROR Connection:168 - java.net.SocketException: Unrecognized Windows Sockets error: 0: recv failed
2016-11-28 11:11:25 ERROR Server:33 - java.net.BindException: Address already in use: JVM_Bind
2016-11-28 11:13:07 ERROR Connection:168 - java.net.SocketException: Connection reset
2016-11-28 11:13:10 ERROR Server:33 - java.net.BindException: Address already in use: JVM_Bind
2016-11-28 11:14:34 ERROR Connection:173 - java.net.SocketException: Connection reset
2016-11-28 11:18:53 ERROR Server:38 - java.net.BindException: Address already in use: JVM_Bind
2016-11-28 11:46:07 ERROR Server:38 - java.net.BindException: Address already in use: JVM_Bind
2016-11-28 11:48:35 ERROR Connection:158 - java.net.SocketException: Connection reset
2016-11-28 11:58:56 ERROR Connection:158 - java.net.SocketException: Connection reset
2016-11-28 11:59:02 ERROR Connection:158 - java.net.SocketException: Connection reset
2016-11-28 11:59:06 ERROR Connection:158 - java.net.SocketException: Connection reset
2016-11-28 12:03:46 ERROR Connection:158 - java.net.SocketException: Connection reset
2016-11-28 12:04:38 ERROR Connection:158 - java.net.SocketException: Connection reset
2016-11-28 12:14:14 ERROR Server:38 - java.net.BindException: Address already in use: JVM_Bind
2016-11-28 12:16:57 ERROR Connection:158 - java.net.SocketException: Connection reset
2016-11-28 12:17:03 ERROR Connection:158 - java.net.SocketException: Connection reset
2016-11-28 12:24:48 ERROR Connection:158 - java.net.SocketException: Connection reset
2016-11-28 12:25:23 ERROR Connection:164 - java.net.SocketException: Connection reset
2016-11-28 12:26:14 ERROR Server:38 - java.net.BindException: Address already in use: JVM_Bind
2016-11-28 13:29:07 ERROR Server:38 - java.net.BindException: Address already in use: JVM_Bind
2016-11-28 13:30:36 ERROR Connection:162 - java.net.SocketException: Connection reset
2016-11-28 14:21:02 ERROR Connection:162 - java.net.SocketException: Connection reset
2016-11-28 14:24:52 ERROR Connection:161 - java.net.SocketException: Connection reset
2016-11-28 14:25:08 ERROR Connection:161 - java.net.SocketException: Connection reset
2016-11-28 14:25:30 ERROR Connection:161 - java.net.SocketException: Connection reset
2016-11-28 14:27:13 ERROR Connection:161 - java.net.SocketException: Connection reset
2016-11-28 14:27:40 ERROR Connection:161 - java.net.SocketException: Connection reset
2016-11-29 11:14:24 ERROR PropertyInstance:20 - java.io.FileNotFoundException: resources\instance.properties (Не удается найти указанный файл)
2016-11-29 11:48:39 ERROR PropertyInstance:20 - java.io.FileNotFoundException: resources\instance.properties (Не удается найти указанный файл)
2016-11-29 11:54:29 ERROR PropertiesOnlineBook:30 - java.io.FileNotFoundException: resources\roat.properties (Не удается найти указанный файл)
2016-11-29 11:54:29 ERROR Seriazeble:28 - java.lang.NullPointerException
2016-11-29 11:55:08 ERROR PropertiesOnlineBook:30 - java.io.FileNotFoundException: resources\roat.properties (Не удается найти указанный файл)
2016-11-29 11:55:08 ERROR Seriazeble:28 - java.lang.NullPointerException
2016-11-29 11:55:11 ERROR PropertiesOnlineBook:30 - java.io.FileNotFoundException: resources\roat.properties (Не удается найти указанный файл)
2016-11-29 11:55:11 ERROR Seriazeble:28 - java.lang.NullPointerException
2016-11-29 11:55:12 ERROR PropertiesOnlineBook:30 - java.io.FileNotFoundException: resources\roat.properties (Не удается найти указанный файл)
2016-11-29 11:55:12 ERROR Seriazeble:28 - java.lang.NullPointerException
2016-11-29 11:58:27 ERROR PropertyInstance:20 - java.io.FileNotFoundException: resources\instance.properties (Не удается найти указанный файл)
2016-11-29 12:02:45 ERROR PropertyInstance:20 - java.io.FileNotFoundException: resources\instance.properties (Не удается найти указанный файл)
2016-11-29 12:03:21 ERROR PropertyInstance:20 - java.io.FileNotFoundException: resources\instance.properties (Не удается найти указанный файл)
2016-11-29 12:03:35 ERROR PropertiesOnlineBook:30 - java.io.FileNotFoundException: resources\roat.properties (Не удается найти указанный файл)
2016-11-29 12:03:35 ERROR Seriazeble:28 - java.lang.NullPointerException
2016-11-29 12:03:58 ERROR PropertiesOnlineBook:30 - java.io.FileNotFoundException: resources\roat.properties (Не удается найти указанный файл)
2016-11-29 12:03:58 ERROR Seriazeble:28 - java.lang.NullPointerException
2016-11-29 12:05:45 ERROR PropertiesOnlineBook:30 - java.io.FileNotFoundException: resources\roat.properties (Не удается найти указанный файл)
2016-11-29 12:05:45 ERROR Seriazeble:28 - java.lang.NullPointerException
2016-11-29 12:06:09 ERROR PropertiesOnlineBook:30 - java.io.FileNotFoundException: resources\roat.properties (Не удается найти указанный файл)
2016-11-29 12:06:09 ERROR Seriazeble:28 - java.lang.NullPointerException
2016-11-29 12:08:54 ERROR Connection:160 - java.net.SocketException: Connection reset
2016-11-29 12:20:37 ERROR Server:39 - java.net.BindException: Address already in use: JVM_Bind
2016-11-29 12:20:54 ERROR Connection:160 - java.net.SocketException: Connection reset
2016-11-29 12:21:08 ERROR Connection:160 - java.net.SocketException: Connection reset
2016-11-29 12:21:09 ERROR Connection:160 - java.net.SocketException: Connection reset
2016-11-29 12:21:10 ERROR Connection:160 - java.net.SocketException: Connection reset
2016-11-29 12:21:12 ERROR Connection:160 - java.net.SocketException: Connection reset
2016-11-29 12:21:27 ERROR Connection:160 - java.net.SocketException: Connection reset
2016-11-29 12:24:05 ERROR Connection:160 - java.net.SocketException: Connection reset
2016-11-29 12:24:06 ERROR Connection:160 - java.net.SocketException: Connection reset
2016-11-29 12:24:07 ERROR Connection:160 - java.net.SocketException: Connection reset
2016-11-29 12:24:24 ERROR Connection:160 - java.net.SocketException: Connection reset
2016-11-29 12:24:29 ERROR Connection:160 - java.net.SocketException: Connection reset
2016-11-29 12:24:37 ERROR Connection:160 - java.net.SocketException: Connection reset
2016-11-29 12:26:08 ERROR Connection:160 - java.net.SocketException: Connection reset
2016-11-29 12:28:47 ERROR Connection:161 - java.net.SocketException: Connection reset
2016-11-29 12:29:54 ERROR Connection:161 - java.net.SocketException: Connection reset
2016-11-29 12:33:51 ERROR Connection:167 - java.net.SocketException: Connection reset
2016-11-29 12:34:38 ERROR Connection:167 - java.net.SocketException: Connection reset
2016-11-29 12:34:41 ERROR Connection:167 - java.net.SocketException: Connection reset
2016-11-29 12:35:02 ERROR Connection:167 - java.net.SocketException: Connection reset
2016-11-29 12:35:43 ERROR Connection:158 - java.net.SocketException: Connection reset
2016-11-29 12:35:57 ERROR Connection:158 - java.net.SocketException: Connection reset
2016-11-29 12:35:59 ERROR Connection:158 - java.net.SocketException: Connection reset
2016-11-29 12:36:00 ERROR Connection:158 - java.net.SocketException: Connection reset
2016-11-29 12:36:01 ERROR Connection:158 - java.net.SocketException: Connection reset
2016-11-29 12:36:02 ERROR Connection:158 - java.net.SocketException: Connection reset
2016-11-29 12:42:26 ERROR Connection:158 - java.net.SocketException: Connection reset
2016-11-29 12:42:51 ERROR Connection:158 - java.net.SocketException: Connection reset
2016-11-29 12:43:45 ERROR Connection:158 - java.net.SocketException: Connection reset
2016-11-29 12:48:31 ERROR Server:42 - java.net.BindException: Address already in use: JVM_Bind
2016-11-29 12:48:50 ERROR Connection:160 - java.net.SocketException: Connection reset
2016-11-29 12:49:52 ERROR Connection:160 - java.net.SocketException: Connection reset
2016-11-29 12:50:18 ERROR Connection:160 - java.net.SocketException: Connection reset
2016-11-29 12:50:19 ERROR Connection:160 - java.net.SocketException: Connection reset
2016-11-29 12:50:32 ERROR Connection:160 - java.net.SocketException: Connection reset
2016-11-29 12:50:33 ERROR Connection:160 - java.net.SocketException: Connection reset
2016-11-29 12:50:34 ERROR Connection:160 - java.net.SocketException: Connection reset
2016-11-29 12:50:35 ERROR Connection:160 - java.net.SocketException: Connection reset
2016-11-29 12:50:36 ERROR Connection:160 - java.net.SocketException: Connection reset
2016-11-29 12:50:37 ERROR Connection:160 - java.net.SocketException: Connection reset
2016-11-29 12:50:38 ERROR Connection:160 - java.net.SocketException: Connection reset
2016-11-29 12:50:39 ERROR Connection:160 - java.net.SocketException: Connection reset
2016-11-29 12:52:45 ERROR Connection:160 - java.net.SocketException: Connection reset
2016-11-29 12:52:47 ERROR Connection:160 - java.net.SocketException: Connection reset
2016-11-29 12:52:48 ERROR Connection:160 - java.net.SocketException: Connection reset
2016-11-29 12:52:48 ERROR Connection:160 - java.net.SocketException: Connection reset
2016-11-29 12:52:49 ERROR Connection:160 - java.net.SocketException: Connection reset
2016-11-29 13:12:59 ERROR Connection:159 - java.net.SocketException: Connection reset
2016-11-29 13:21:02 ERROR Connection:159 - java.net.SocketException: Connection reset
2016-11-29 13:22:49 ERROR Connection:159 - java.net.SocketException: Connection reset
2016-11-29 13:22:51 ERROR Connection:159 - java.net.SocketException: Connection reset
2016-11-29 13:22:52 ERROR Connection:159 - java.net.SocketException: Connection reset
2016-11-29 13:22:53 ERROR Connection:159 - java.net.SocketException: Connection reset
2016-11-29 13:22:54 ERROR Connection:159 - java.net.SocketException: Connection reset
2016-11-29 13:22:54 ERROR Connection:159 - java.net.SocketException: Connection reset
2016-11-29 13:22:55 ERROR Connection:159 - java.net.SocketException: Connection reset
2016-11-29 13:22:56 ERROR Connection:159 - java.net.SocketException: Connection reset
2016-11-29 13:22:58 ERROR Connection:159 - java.net.SocketException: Connection reset
2016-11-29 13:28:29 ERROR Server:43 - java.net.BindException: Address already in use: JVM_Bind
2016-11-29 13:28:44 ERROR Connection:162 - java.net.SocketException: Connection reset
2016-11-29 13:29:48 ERROR Connection:162 - java.net.SocketException: Connection reset
2016-11-29 13:30:00 ERROR Connection:162 - java.net.SocketException: Connection reset
2016-11-29 13:32:15 ERROR Connection:162 - java.net.SocketException: Connection reset
2016-11-29 13:35:02 ERROR Server:43 - java.net.BindException: Address already in use: JVM_Bind
2016-11-29 13:35:49 ERROR Connection:162 - java.net.SocketException: Connection reset
2016-11-29 13:40:47 ERROR Connection:162 - java.net.SocketException: Connection reset
2016-11-29 14:00:02 ERROR Connection:162 - java.net.SocketException: Connection reset
2016-11-29 14:01:34 ERROR Connection:162 - java.net.SocketException: Connection reset
2016-11-29 14:02:05 ERROR Connection:162 - java.net.SocketException: Connection reset
2016-11-29 14:02:12 ERROR Connection:162 - java.net.SocketException: Connection reset
2016-11-29 14:02:45 ERROR Connection:162 - java.net.SocketException: Connection reset
2016-11-29 14:02:54 ERROR Connection:162 - java.net.SocketException: Connection reset
2016-11-29 14:11:26 ERROR Server:43 - java.net.BindException: Address already in use: JVM_Bind
2016-11-29 14:11:36 ERROR Connection:163 - java.io.NotSerializableException: java.lang.Object
2016-11-29 14:12:25 ERROR Connection:164 - java.net.SocketException: Connection reset
2016-11-29 14:13:37 ERROR Connection:164 - java.net.SocketException: Connection reset
2016-11-29 14:14:30 ERROR Connection:164 - java.net.SocketException: Connection reset
2016-11-29 14:21:50 ERROR Server:43 - java.net.BindException: Address already in use: JVM_Bind
2016-11-29 14:22:07 ERROR Connection:162 - java.net.SocketException: Connection reset
2016-11-29 14:31:24 ERROR Connection:162 - java.net.SocketException: Connection reset
2016-11-29 14:32:51 ERROR Connection:162 - java.net.SocketException: Connection reset
2016-11-29 14:33:05 ERROR Connection:162 - java.net.SocketException: Connection reset
2016-11-29 14:33:57 ERROR Connection:162 - java.net.SocketException: Connection reset
2016-11-29 14:34:57 ERROR Connection:162 - java.net.SocketException: Connection reset
2016-11-29 14:35:19 ERROR Connection:162 - java.net.SocketException: Connection reset
2016-11-29 14:37:09 ERROR Connection:162 - java.net.SocketException: Connection reset
2016-11-29 14:41:04 ERROR Connection:162 - java.net.SocketException: Connection reset
2016-11-29 14:41:31 ERROR Connection:162 - java.net.SocketException: Connection reset
2016-11-29 14:52:59 ERROR Server:43 - java.net.BindException: Address already in use: JVM_Bind
2016-11-29 14:59:23 ERROR Server:43 - java.net.BindException: Address already in use: JVM_Bind
2016-11-29 15:22:46 ERROR Server:43 - java.net.BindException: Address already in use: JVM_Bind
2016-11-29 16:03:15 ERROR Server:43 - java.net.BindException: Address already in use: JVM_Bind
2016-11-29 16:05:08 ERROR Server:43 - java.net.BindException: Address already in use: JVM_Bind
2016-11-29 16:21:28 ERROR Server:43 - java.net.BindException: Address already in use: JVM_Bind
2016-11-30 13:26:22 ERROR Server:43 - java.net.BindException: Address already in use: JVM_Bind
2016-11-30 13:46:31 ERROR Server:43 - java.net.BindException: Address already in use: JVM_Bind
2016-11-30 13:48:24 ERROR Server:43 - java.net.BindException: Address already in use: JVM_Bind
2016-11-30 14:16:27 ERROR Server:43 - java.net.BindException: Address already in use: JVM_Bind
2016-11-30 14:44:00 ERROR Server:43 - java.net.BindException: Address already in use: JVM_Bind
2016-11-30 14:47:30 ERROR Server:43 - java.net.BindException: Address already in use: JVM_Bind
2016-11-30 21:13:23 ERROR Server:43 - java.net.BindException: Address already in use: JVM_Bind
2016-12-01 11:21:09 ERROR Connection:77 - java.lang.NumberFormatException: For input string: "1987;lf"
2016-12-01 11:24:52 ERROR Connection:67 - java.net.SocketException: Connection reset
2016-12-01 11:24:52 ERROR Connection:67 - java.net.SocketException: Connection reset
2016-12-01 11:24:52 ERROR Connection:67 - java.net.SocketException: Connection reset
2016-12-01 11:29:11 ERROR Server:39 - java.net.BindException: Address already in use: JVM_Bind
2016-12-01 11:30:40 ERROR Connection:67 - java.net.SocketException: Connection reset
2016-12-01 11:30:40 ERROR Connection:67 - java.net.SocketException: Connection reset
2016-12-01 11:30:40 ERROR Connection:67 - java.net.SocketException: Connection reset
2016-12-01 11:30:40 ERROR Connection:67 - java.net.SocketException: Connection reset
2016-12-01 11:31:50 ERROR Connection:67 - java.net.SocketException: Connection reset
2016-12-01 11:31:50 ERROR Connection:67 - java.net.SocketException: Connection reset
2016-12-01 11:31:50 ERROR Connection:67 - java.net.SocketException: Connection reset
2016-12-01 12:32:37 ERROR Connection:81 - java.lang.IllegalArgumentException: wrong number of arguments
2016-12-01 12:32:58 ERROR Connection:71 - java.net.SocketException: Connection reset
2016-12-01 12:32:58 ERROR Connection:71 - java.net.SocketException: Connection reset
2016-12-01 12:32:58 ERROR Connection:71 - java.net.SocketException: Connection reset
2016-12-01 12:32:58 ERROR Connection:71 - java.net.SocketException: Connection reset
2016-12-01 12:32:58 ERROR Connection:71 - java.net.SocketException: Connection reset
2016-12-01 12:32:58 ERROR Connection:71 - java.net.SocketException: Connection reset
2016-12-01 12:49:15 ERROR Connection:53 - java.net.SocketException: Connection reset
2016-12-01 12:49:15 ERROR Connection:53 - java.net.SocketException: Connection reset
2016-12-01 12:49:15 ERROR Connection:53 - java.net.SocketException: Connection reset
2016-12-01 12:49:15 ERROR Connection:53 - java.net.SocketException: Connection reset
2016-12-01 12:49:15 ERROR Connection:53 - java.net.SocketException: Connection reset
2016-12-01 12:49:15 ERROR Connection:53 - java.net.SocketException: Connection reset
2016-12-01 12:49:15 ERROR Connection:53 - java.net.SocketException: Connection reset
2016-12-01 12:49:15 ERROR Connection:53 - java.net.SocketException: Connection reset
2016-12-01 12:49:15 ERROR Connection:53 - java.net.SocketException: Connection reset
2016-12-01 12:49:15 ERROR Connection:53 - java.net.SocketException: Connection reset
2016-12-01 12:49:15 ERROR Connection:53 - java.net.SocketException: Connection reset
2016-12-01 12:49:15 ERROR Connection:53 - java.net.SocketException: Connection reset
2016-12-01 14:17:36 ERROR Server:39 - java.net.BindException: Address already in use: JVM_Bind
2016-12-01 14:18:28 ERROR Connection:53 - java.net.SocketException: Connection reset
2016-12-01 14:18:28 ERROR Connection:53 - java.net.SocketException: Connection reset
2016-12-01 15:22:19 ERROR Server:39 - java.net.BindException: Address already in use: JVM_Bind
2016-12-01 15:22:26 ERROR Connection:53 - java.net.SocketException: Connection reset
2016-12-01 15:22:26 ERROR Connection:53 - java.net.SocketException: Connection reset
2016-12-01 15:25:39 ERROR Connection:35 - java.net.SocketException: Connection reset
2016-12-01 15:26:15 ERROR Connection:35 - java.net.SocketException: Connection reset
2016-12-01 15:27:53 ERROR Connection:35 - java.net.SocketException: Connection reset
2016-12-01 15:29:48 ERROR Connection:35 - java.net.SocketException: Connection reset
2016-12-01 15:31:02 ERROR Connection:35 - java.net.SocketException: Connection reset
2016-12-01 15:37:13 ERROR Connection:35 - java.net.SocketException: Connection reset
2016-12-01 15:42:15 ERROR Connection:35 - java.net.SocketException: Connection reset
2016-12-01 15:43:17 ERROR Connection:35 - java.net.SocketException: Connection reset
2016-12-01 15:49:34 ERROR Connection:35 - java.net.SocketException: Connection reset
2016-12-01 15:50:27 ERROR Connection:35 - java.net.SocketException: Connection reset
2016-12-01 15:53:43 ERROR Connection:35 - java.net.SocketException: Connection reset
2016-12-01 15:53:43 ERROR Connection:35 - java.net.SocketException: Connection reset
2016-12-01 15:53:43 ERROR Connection:35 - java.net.SocketException: Connection reset
2016-12-01 15:54:15 ERROR Server:39 - java.net.BindException: Address already in use: JVM_Bind
2016-12-01 15:55:21 ERROR Connection:35 - java.net.SocketException: Connection reset
2016-12-01 16:08:14 ERROR Connection:35 - java.net.SocketException: Connection reset
2016-12-01 16:09:18 ERROR Connection:35 - java.net.SocketException: Connection reset
2016-12-01 16:12:24 ERROR Connection:35 - java.net.SocketException: Connection reset
2016-12-01 16:17:59 ERROR Connection:35 - java.net.SocketException: Connection reset
2016-12-01 16:21:54 ERROR Connection:35 - java.net.SocketException: Connection reset
2016-12-01 16:29:31 ERROR Server:39 - java.net.BindException: Address already in use: JVM_Bind
2016-12-01 16:29:56 ERROR Connection:35 - java.net.SocketException: Connection reset
2016-12-01 16:34:51 ERROR Connection:35 - java.net.SocketException: Connection reset
2016-12-01 16:35:17 ERROR Connection:35 - java.net.SocketException: Connection reset
2016-12-01 16:36:08 ERROR Connection:35 - java.net.SocketException: Connection reset
2016-12-01 16:52:09 ERROR Connection:35 - java.net.SocketException: Connection reset
2016-12-02 08:46:31 ERROR Server:39 - java.net.BindException: Address already in use: JVM_Bind
2016-12-02 08:46:42 ERROR Connection:35 - java.net.SocketException: Connection reset
2016-12-02 08:46:42 ERROR Connection:35 - java.net.SocketException: Connection reset
2016-12-02 08:46:42 ERROR Connection:35 - java.net.SocketException: Connection reset
2016-12-02 08:46:42 ERROR Connection:35 - java.net.SocketException: Connection reset
2016-12-02 08:46:42 ERROR Connection:35 - java.net.SocketException: Connection reset
2016-12-02 08:46:42 ERROR Connection:35 - java.net.SocketException: Connection reset
2016-12-02 08:46:48 ERROR Server:39 - java.net.BindException: Address already in use: JVM_Bind
2016-12-02 09:05:53 ERROR Connection:35 - java.net.SocketException: Connection reset
2016-12-02 09:05:57 ERROR Connection:35 - java.net.SocketException: Connection reset
2016-12-02 09:05:59 ERROR Connection:35 - java.net.SocketException: Connection reset
2016-12-02 09:09:32 ERROR Connection:35 - java.net.SocketException: Connection reset
2016-12-02 09:09:44 ERROR Connection:35 - java.net.SocketException: Connection reset
2016-12-02 09:10:31 ERROR Connection:35 - java.net.SocketException: Connection reset
2016-12-02 09:21:50 ERROR Connection:35 - java.net.SocketException: Connection reset
2016-12-02 09:23:11 ERROR Connection:35 - java.net.SocketException: Connection reset
2016-12-02 09:25:07 ERROR Connection:35 - java.net.SocketException: Connection reset
2016-12-02 09:39:01 ERROR Connection:35 - java.net.SocketException: Connection reset
2016-12-02 09:42:31 ERROR Connection:35 - java.net.SocketException: Connection reset
2016-12-02 09:46:51 ERROR Connection:35 - java.net.SocketException: Connection reset
2016-12-02 09:48:15 ERROR Connection:35 - java.net.SocketException: Connection reset
2016-12-02 09:48:15 ERROR Connection:35 - java.net.SocketException: Connection reset
2016-12-02 09:48:15 ERROR Connection:35 - java.net.SocketException: Connection reset
2016-12-02 09:48:15 ERROR Connection:35 - java.net.SocketException: Connection reset
2016-12-02 09:51:37 ERROR Connection:35 - java.net.SocketException: Connection reset
2016-12-02 09:52:44 ERROR Connection:35 - java.net.SocketException: Connection reset
2016-12-02 09:58:04 ERROR Connection:35 - java.net.SocketException: Connection reset
2016-12-02 09:59:37 ERROR Connection:35 - java.net.SocketException: Connection reset
2016-12-02 10:01:08 ERROR Connection:35 - java.net.SocketException: Connection reset
2016-12-02 10:02:19 ERROR Connection:35 - java.net.SocketException: Connection reset
2016-12-02 10:02:56 ERROR Connection:35 - java.net.SocketException: Connection reset
2016-12-02 10:03:51 ERROR Connection:35 - java.net.SocketException: Connection reset
2016-12-02 10:04:21 ERROR Connection:35 - java.net.SocketException: Connection reset
2016-12-02 10:08:47 ERROR Connection:35 - java.net.SocketException: Connection reset
2016-12-02 10:09:56 ERROR Connection:35 - java.net.SocketException: Connection reset
2016-12-02 10:13:09 ERROR Connection:38 - java.net.SocketException: Connection reset
2016-12-02 10:17:52 ERROR Connection:36 - java.net.SocketException: Connection reset
2016-12-02 10:29:46 ERROR Server:39 - java.net.BindException: Address already in use: JVM_Bind
2016-12-02 10:32:57 ERROR Connection:36 - java.net.SocketException: Connection reset
2016-12-02 10:33:50 ERROR Connection:36 - java.net.SocketException: Connection reset
2016-12-02 10:34:02 ERROR Connection:36 - java.net.SocketException: Connection reset
2016-12-02 10:34:08 ERROR Server:39 - java.net.BindException: Address already in use: JVM_Bind
2016-12-02 10:34:45 ERROR Connection:36 - java.net.SocketException: Connection reset
2016-12-02 10:37:07 ERROR Connection:36 - java.net.SocketException: Connection reset
2016-12-02 10:39:26 ERROR Connection:36 - java.net.SocketException: Connection reset
2016-12-02 10:42:21 ERROR Connection:36 - java.net.SocketException: Connection reset
2016-12-02 10:43:19 ERROR Connection:59 - java.io.StreamCorruptedException: invalid type code: AC
2016-12-02 10:46:37 ERROR Server:39 - java.net.BindException: Address already in use: JVM_Bind
2016-12-02 10:46:59 ERROR Connection:59 - java.io.StreamCorruptedException: invalid type code: AC
2016-12-02 10:48:35 ERROR Server:39 - java.net.BindException: Address already in use: JVM_Bind
2016-12-02 10:48:49 ERROR Connection:60 - java.io.StreamCorruptedException: invalid type code: AC
2016-12-02 10:49:51 ERROR Connection:60 - java.io.StreamCorruptedException: invalid type code: AC
2016-12-02 10:52:28 ERROR Connection:60 - java.io.StreamCorruptedException: invalid type code: AC
2016-12-02 10:54:24 ERROR Connection:60 - java.io.EOFException
2016-12-02 11:38:43 ERROR Connection:60 - java.io.EOFException
2016-12-02 11:39:24 ERROR Connection:60 - java.io.EOFException
2016-12-02 11:40:56 ERROR Connection:60 - java.io.EOFException
2016-12-02 11:42:08 ERROR Connection:58 - java.io.EOFException
2016-12-02 11:44:57 ERROR Connection:60 - java.io.EOFException
2016-12-02 11:45:30 ERROR Connection:60 - java.io.EOFException
2016-12-02 11:48:49 ERROR Connection:56 - java.io.EOFException
2016-12-02 11:54:01 ERROR Connection:56 - java.io.EOFException
2016-12-02 12:00:50 ERROR Connection:56 - java.net.SocketException: Connection reset
2016-12-02 12:04:30 ERROR Connection:56 - java.net.SocketException: Connection reset
2016-12-02 12:06:34 ERROR Server:39 - java.net.BindException: Address already in use: JVM_Bind
2016-12-02 12:07:34 ERROR Connection:57 - java.net.SocketException: Connection reset
2016-12-02 12:10:08 ERROR Connection:62 - java.net.SocketException: Connection reset
2016-12-02 12:12:43 ERROR Connection:62 - java.net.SocketException: Connection reset
2016-12-02 12:17:25 ERROR Connection:62 - java.net.SocketException: Connection reset
2016-12-02 12:35:00 ERROR Connection:62 - java.net.SocketException: Connection reset
2016-12-02 12:35:18 ERROR Connection:62 - java.net.SocketException: Connection reset
2016-12-02 12:42:10 ERROR Connection:36 - java.net.SocketException: Connection reset
2016-12-02 12:43:36 ERROR Connection:67 - java.net.SocketException: Connection reset
2016-12-02 12:45:19 ERROR Connection:68 - java.net.SocketException: Connection reset
2016-12-02 12:56:07 ERROR Connection:68 - java.net.SocketException: Connection reset
2016-12-02 12:58:46 ERROR Connection:68 - java.io.StreamCorruptedException: invalid type code: AC
2016-12-02 13:03:21 ERROR Server:39 - java.net.BindException: Address already in use: JVM_Bind
2016-12-02 13:03:44 ERROR Connection:68 - java.net.SocketException: Connection reset
2016-12-02 13:04:52 ERROR Connection:68 - java.io.StreamCorruptedException: invalid type code: AC
2016-12-02 13:08:05 ERROR Connection:68 - java.io.EOFException
2016-12-02 13:20:52 ERROR Connection:68 - java.io.EOFException
2016-12-02 13:21:49 ERROR Connection:68 - java.io.EOFException
2016-12-02 13:22:09 ERROR Connection:68 - java.io.EOFException
2016-12-02 13:23:22 ERROR Connection:68 - java.net.SocketException: Connection reset
2016-12-02 13:23:45 ERROR Connection:68 - java.net.SocketException: Connection reset
2016-12-02 13:42:16 ERROR Connection:68 - java.net.SocketException: Connection reset
2016-12-02 13:44:40 ERROR Connection:68 - java.net.SocketException: Connection reset
2016-12-02 13:50:09 ERROR Connection:68 - java.net.SocketException: Connection reset
2016-12-02 13:51:25 ERROR Server:39 - java.net.BindException: Address already in use: JVM_Bind
2016-12-02 13:53:02 ERROR Server:39 - java.net.BindException: Address already in use: JVM_Bind
2016-12-02 13:57:09 ERROR Connection:68 - java.net.SocketException: Connection reset
2016-12-02 13:58:44 ERROR Connection:68 - java.net.SocketException: Connection reset
2016-12-02 14:00:16 ERROR Connection:68 - java.net.SocketException: Connection reset
2016-12-02 14:01:08 ERROR Connection:68 - java.net.SocketException: Connection reset by peer: socket write error
2016-12-02 14:01:08 ERROR Connection:93 - java.net.SocketException: Socket closed
2016-12-02 14:02:01 ERROR Server:39 - java.net.BindException: Address already in use: JVM_Bind
2016-12-02 14:02:36 ERROR Connection:69 - java.net.SocketException: Connection reset by peer: socket write error
2016-12-02 14:02:36 ERROR Connection:94 - java.net.SocketException: Socket closed
2016-12-02 14:03:37 ERROR Connection:69 - java.net.SocketException: Connection reset by peer: socket write error
2016-12-02 14:03:37 ERROR Connection:94 - java.net.SocketException: Socket closed
2016-12-02 14:07:09 ERROR Server:39 - java.net.BindException: Address already in use: JVM_Bind
2016-12-02 14:08:25 ERROR Connection:79 - java.net.SocketException: Connection reset by peer: socket write error
2016-12-02 14:08:25 ERROR Connection:104 - java.net.SocketException: Socket closed
2016-12-02 14:13:40 ERROR Connection:62 - java.net.SocketException: Connection reset by peer: socket write error
2016-12-02 14:13:40 ERROR Connection:96 - java.net.SocketException: Socket closed
2016-12-02 14:14:51 ERROR Connection:62 - java.net.SocketException: Connection reset by peer: socket write error
2016-12-02 14:14:51 ERROR Connection:96 - java.net.SocketException: Socket closed
2016-12-02 14:15:56 ERROR Connection:62 - java.net.SocketException: Connection reset
2016-12-02 14:21:51 ERROR Connection:67 - java.net.SocketException: Connection reset
2016-12-02 14:22:57 ERROR Connection:67 - java.net.SocketException: Connection reset
2016-12-02 14:23:24 ERROR Connection:67 - java.net.SocketException: Connection reset
2016-12-02 14:30:15 ERROR Connection:67 - java.net.SocketException: Connection reset
2016-12-02 14:34:24 ERROR Connection:67 - java.net.SocketException: Connection reset
2016-12-02 14:38:21 ERROR Connection:67 - java.net.SocketException: Connection reset
2016-12-02 14:39:33 ERROR Connection:67 - java.net.SocketException: Connection reset
2016-12-03 14:50:57 ERROR Connection:62 - java.net.SocketException: Connection reset
2016-12-03 14:56:35 ERROR Connection:62 - java.net.SocketException: Connection reset
2016-12-03 15:00:56 ERROR Connection:62 - java.net.SocketException: Connection reset
2016-12-03 15:10:50 ERROR Connection:62 - java.net.SocketException: Connection reset
2016-12-03 15:11:31 ERROR Connection:62 - java.net.SocketException: Connection reset
2016-12-03 15:17:00 ERROR Connection:62 - java.net.SocketException: Connection reset
2016-12-03 15:19:14 ERROR Connection:62 - java.net.SocketException: Connection reset
2016-12-03 15:21:49 ERROR Connection:62 - java.net.SocketException: Connection reset
2016-12-03 15:27:41 ERROR Connection:62 - java.net.SocketException: Connection reset
2016-12-03 15:29:46 ERROR Connection:62 - java.net.SocketException: Connection reset
2016-12-03 15:30:51 ERROR Connection:62 - java.net.SocketException: Connection reset
2016-12-03 15:31:35 ERROR Connection:62 - java.net.SocketException: Connection reset
2016-12-03 15:34:09 ERROR Connection:62 - java.net.SocketException: Connection reset
2016-12-03 15:40:40 ERROR Connection:62 - java.net.SocketException: Connection reset
2016-12-03 15:41:16 ERROR Server:39 - java.net.BindException: Address already in use: JVM_Bind
2016-12-03 15:42:02 ERROR Connection:62 - java.net.SocketException: Connection reset
2016-12-03 15:50:19 ERROR Connection:62 - java.net.SocketException: Connection reset
2016-12-03 15:55:21 ERROR Connection:62 - java.net.SocketException: Connection reset
2016-12-03 15:56:06 ERROR Connection:62 - java.net.SocketException: Connection reset
2016-12-03 15:56:41 ERROR Connection:62 - java.net.SocketException: Connection reset
2016-12-03 15:57:54 ERROR Connection:62 - java.net.SocketException: Connection reset
2016-12-03 15:59:10 ERROR Connection:62 - java.net.SocketException: Connection reset
2016-12-03 16:02:57 ERROR Connection:62 - java.net.SocketException: Connection reset
2016-12-03 16:09:32 ERROR Connection:62 - java.net.SocketException: Connection reset
2016-12-03 16:10:19 ERROR Connection:62 - java.net.SocketException: Connection reset
2016-12-03 16:22:58 ERROR Connection:62 - java.net.SocketException: Connection reset
2016-12-03 16:25:47 ERROR Connection:62 - java.net.SocketException: Connection reset
2016-12-03 16:33:38 ERROR Connection:60 - java.net.SocketException: Connection reset
2016-12-04 10:26:42 ERROR ImportExport:45 - java.io.FileNotFoundException: resources\export\book.csv (Системе не удается найти указанный путь)
2016-12-04 10:26:43 ERROR ImportExport:67 - java.io.FileNotFoundException: resources\export\order.csv (Системе не удается найти указанный путь)
2016-12-04 10:26:50 ERROR ImportExport:121 - java.io.FileNotFoundException: resources\export\order.csv (Системе не удается найти указанный путь)
2016-12-04 10:26:51 ERROR ImportExport:91 - java.io.FileNotFoundException: resources\export\book.csv (Системе не удается найти указанный путь)
2016-12-04 11:11:49 ERROR Connection:78 - java.lang.reflect.InvocationTargetException
2016-12-04 11:12:17 ERROR Connection:78 - java.lang.reflect.InvocationTargetException
2016-12-04 11:28:39 ERROR Server:34 - java.net.BindException: Address already in use: JVM_Bind
2016-12-04 11:29:37 ERROR Connection:78 - java.lang.reflect.InvocationTargetException
2016-12-04 11:48:44 ERROR Server:34 - java.net.BindException: Address already in use: JVM_Bind
2017-01-23 11:29:12 ERROR Server:34 - java.net.BindException: Address already in use: JVM_Bind
2017-01-23 12:03:03 ERROR Connection:68 - java.net.SocketException: Connection reset
2017-01-23 12:03:47 ERROR Connection:68 - java.net.SocketException: Connection reset
2017-01-23 12:04:56 ERROR Connection:68 - java.net.SocketException: Connection reset
2017-01-23 12:07:26 ERROR Connection:68 - java.net.SocketException: Connection reset
2017-01-23 12:07:55 ERROR ImportExport:99 - java.io.FileNotFoundException: resources\export\file.csv (Системе не удается найти указанный путь)
2017-01-23 12:08:29 ERROR Connection:68 - java.net.SocketException: Connection reset
2017-01-23 12:08:33 ERROR Server:34 - java.net.BindException: Address already in use: JVM_Bind
2017-01-23 12:08:55 ERROR Connection:68 - java.net.SocketException: Connection reset
2017-01-23 12:19:20 ERROR Connection:68 - java.net.SocketException: Connection reset
2017-01-23 12:34:03 ERROR Connection:68 - java.net.SocketException: Connection reset
2017-01-23 12:35:39 ERROR Connection:68 - java.net.SocketException: Connection reset
2017-01-23 12:37:02 ERROR Server:34 - java.net.BindException: Address already in use: JVM_Bind
2017-01-23 12:37:17 ERROR Connection:68 - java.net.SocketException: Connection reset
2017-01-23 12:41:14 ERROR Connection:68 - java.net.SocketException: Connection reset
