2016-10-29 16:54:16 INFO  Runner:64 - dsfgsfdlgmf;ldksgk;lsfdk
2016-10-29 16:54:34 INFO  Runner:64 - java.text.ParseException
2016-10-29 16:57:38 ERROR Runner:63 - java.text.ParseException
2016-10-29 17:03:03 INFO  WriteLoger:63 - java.text.ParseException
2016-10-29 17:16:52 INFO  Runner:63 - java.text.ParseException
2016-10-29 17:17:54 INFO  Runner:60 - java.text.ParseException
2016-10-29 18:05:32 INFO  Runner:63 - java.text.ParseException
2016-10-29 18:18:26 INFO  Runner:63 - java.text.ParseException
2016-11-01 09:04:41 INFO  Runner:62 - java.text.ParseException
2016-11-01 09:33:55 INFO  Runner:62 - java.text.ParseException
2016-11-01 09:48:43 INFO  Runner:64 - java.text.ParseException
2016-11-01 09:49:14 INFO  Runner:64 - java.text.ParseException
2016-11-01 09:49:42 ERROR Runner:64 - java.text.ParseException
2016-11-01 09:50:06 ERROR Runner:64 - java.text.ParseException
2016-11-02 10:33:10 ERROR Runner:16 - java.text.ParseException
2016-11-02 11:00:30 INFO  OnlineBook:50 - success
2016-11-02 11:01:06 INFO  OnlineBook:50 - success
2016-11-02 11:01:14 INFO  OnlineBook:50 - success
2016-11-02 20:41:01 ERROR Navigator:57 - java.util.InputMismatchException
2016-11-02 20:41:02 ERROR Navigator:57 - java.util.InputMismatchException
2016-11-02 20:41:50 INFO  SaveBaseAction:12 - save to databases
