2016-10-29 16:54:16 INFO  Runner:64 - dsfgsfdlgmf;ldksgk;lsfdk
2016-10-29 16:54:34 INFO  Runner:64 - java.text.ParseException
2016-10-29 16:57:38 ERROR Runner:63 - java.text.ParseException
2016-10-29 17:03:03 INFO  WriteLoger:63 - java.text.ParseException
2016-10-29 17:13:00 INFO  WriteLoger:36 - Exit
2016-10-29 18:23:54 INFO  Navigator:36 - Exit
2016-10-30 11:56:24 INFO  Navigator:36 - Exit
2016-10-30 12:36:08 ERROR Navigator:44 - java.util.InputMismatchException
2016-10-30 12:36:10 ERROR Navigator:44 - java.util.InputMismatchException
2016-10-30 12:36:12 ERROR Navigator:44 - java.util.InputMismatchException
2016-10-30 12:36:21 INFO  Navigator:39 - Exit
2016-10-30 12:36:28 INFO  Navigator:39 - Exit
2016-10-30 12:36:29 INFO  Navigator:39 - Exit
2016-10-30 12:36:30 INFO  Navigator:39 - Exit
2016-10-30 12:38:24 ERROR Navigator:43 - java.util.InputMismatchException
2016-10-30 12:38:40 ERROR Navigator:43 - java.util.InputMismatchException
2016-10-30 12:38:42 ERROR Navigator:43 - java.util.InputMismatchException
2016-10-30 12:38:44 ERROR Navigator:43 - java.util.InputMismatchException
2016-10-30 12:38:45 ERROR Navigator:43 - java.util.InputMismatchException
2016-10-30 12:39:58 ERROR Navigator:43 - java.util.InputMismatchException
2016-10-30 12:39:59 ERROR Navigator:43 - java.util.InputMismatchException
2016-10-30 12:40:00 ERROR Navigator:43 - java.util.InputMismatchException
2016-10-30 12:40:01 ERROR Navigator:43 - java.util.InputMismatchException
2016-10-30 12:40:02 ERROR Navigator:43 - java.util.InputMismatchException
2016-10-30 12:40:03 ERROR Navigator:43 - java.util.InputMismatchException
2016-10-30 12:40:04 ERROR Navigator:43 - java.util.InputMismatchException
2016-10-30 12:41:48 ERROR Navigator:40 - java.util.InputMismatchException
2016-10-30 12:41:49 ERROR Navigator:40 - java.util.InputMismatchException
2016-10-30 12:42:45 ERROR Navigator:41 - java.util.InputMismatchException
2016-10-30 12:42:49 ERROR Navigator:41 - java.util.InputMismatchException
2016-10-30 12:43:06 ERROR Navigator:41 - java.util.InputMismatchException
2016-10-30 12:43:12 ERROR Navigator:41 - java.util.InputMismatchException
2016-10-30 12:45:38 ERROR Navigator:41 - java.util.InputMismatchException
2016-10-30 12:45:53 ERROR Navigator:41 - java.util.InputMismatchException
2016-10-30 12:45:54 ERROR Navigator:41 - java.util.InputMismatchException
2016-10-30 12:45:55 ERROR Navigator:41 - java.util.InputMismatchException
2016-10-30 12:46:03 ERROR Navigator:41 - java.util.InputMismatchException
2016-10-30 12:46:07 ERROR Navigator:41 - java.util.InputMismatchException
2016-10-30 12:47:05 ERROR Navigator:41 - java.util.InputMismatchException
2016-10-30 12:47:09 ERROR Navigator:41 - java.util.InputMismatchException
2016-10-30 12:49:37 ERROR Navigator:41 - java.util.InputMismatchException
2016-10-30 12:51:18 ERROR QuantityFinishOrderAction:22 - java.text.ParseException: Unparseable date: "sdf"
2016-10-30 12:51:35 ERROR OrderDateToDateAction:23 - java.text.ParseException: Unparseable date: "asdfsdf"
2016-10-30 13:17:08 ERROR Navigator:43 - java.util.InputMismatchException
2016-10-30 22:51:37 ERROR Navigator:43 - java.util.InputMismatchException
2016-10-30 22:51:38 ERROR Navigator:43 - java.util.InputMismatchException
2016-10-30 23:00:09 ERROR Navigator:43 - java.util.InputMismatchException
2016-10-30 23:00:15 ERROR Navigator:43 - java.util.InputMismatchException
2016-11-01 08:31:47 ERROR Navigator:43 - java.util.InputMismatchException
2016-11-01 08:39:06 ERROR Navigator:63 - java.util.InputMismatchException
2016-11-01 08:52:54 ERROR Navigator:60 - java.util.InputMismatchException
2016-11-01 10:57:20 ERROR Navigator:58 - java.util.InputMismatchException
2016-11-01 11:16:49 ERROR Navigator:57 - java.util.InputMismatchException
2016-11-01 11:20:09 ERROR ScannerBox:16 - java.util.InputMismatchException
2016-11-01 11:20:09 ERROR ScannerBox:16 - java.util.InputMismatchException
2016-11-01 11:24:12 ERROR ScannerBox:16 - java.util.InputMismatchException
2016-11-01 11:24:12 ERROR ScannerBox:16 - java.util.InputMismatchException
2016-11-01 11:27:20 ERROR ScannerBox:15 - java.util.InputMismatchException
2016-11-01 11:27:20 ERROR ScannerBox:15 - java.util.InputMismatchException
2016-11-01 11:33:43 ERROR ScannerBox:15 - java.util.InputMismatchException
2016-11-01 11:33:43 ERROR ScannerBox:15 - java.util.InputMismatchException
2016-11-01 11:33:50 ERROR ScannerBox:15 - java.util.InputMismatchException
2016-11-01 11:33:50 ERROR ScannerBox:15 - java.util.InputMismatchException
2016-11-01 11:33:56 ERROR ScannerBox:15 - java.util.InputMismatchException
2016-11-01 19:57:28 ERROR ScannerBox:21 - java.text.ParseException: Unparseable date: "dsaf"
2016-11-01 19:57:28 ERROR ScannerBox:21 - java.text.ParseException: Unparseable date: "sdf"
2016-11-01 20:41:17 ERROR Navigator:57 - java.util.InputMismatchException
2016-11-01 20:42:20 INFO  SaveBaseAction:12 - save to databases
