2016-11-09 12:31:29 ERROR Navigator:57 - java.util.InputMismatchException
2016-11-09 12:32:05 ERROR Navigator:57 - java.util.InputMismatchException
2016-11-09 12:32:05 ERROR Navigator:57 - java.util.InputMismatchException
2016-11-09 12:32:06 ERROR Navigator:57 - java.util.InputMismatchException
2016-11-09 12:32:10 ERROR Navigator:57 - java.util.InputMismatchException
2016-11-09 12:32:10 ERROR Navigator:57 - java.util.InputMismatchException
2016-11-09 12:32:11 ERROR Navigator:57 - java.util.InputMismatchException
2016-11-09 12:32:11 ERROR Navigator:57 - java.util.InputMismatchException
2016-11-09 12:49:32 ERROR PropertiesOnlineBook:23 - java.io.FileNotFoundException: resources\roat.properties (Не удается найти указанный файл)
2016-11-09 12:49:32 ERROR OnlineBook:70 - java.lang.NullPointerException
2016-11-09 12:49:32 ERROR OnlineBook:82 - java.lang.NullPointerException
2016-11-09 12:51:43 ERROR PropertiesOnlineBook:23 - java.io.FileNotFoundException: resources\roat.properties (Не удается найти указанный файл)
2016-11-09 12:51:43 ERROR OnlineBook:70 - java.lang.NullPointerException
2016-11-09 12:51:43 ERROR OnlineBook:82 - java.lang.NullPointerException
2016-11-09 12:52:36 ERROR PropertiesOnlineBook:23 - java.io.FileNotFoundException: resources\roat.properties (Не удается найти указанный файл)
2016-11-09 12:52:36 ERROR OnlineBook:70 - java.lang.NullPointerException
2016-11-09 12:52:36 ERROR OnlineBook:82 - java.lang.NullPointerException
2016-11-09 12:53:28 ERROR PropertiesOnlineBook:23 - java.io.FileNotFoundException: resources\roat.properties (Не удается найти указанный файл)
2016-11-09 12:53:28 ERROR OnlineBook:70 - java.lang.NullPointerException
2016-11-09 12:53:28 ERROR OnlineBook:82 - java.lang.NullPointerException
2016-11-09 12:59:17 ERROR ScannerBox:31 - java.util.InputMismatchException
2016-11-09 12:59:17 ERROR ScannerBox:31 - java.util.InputMismatchException
2016-11-09 12:59:55 INFO  SaveBaseAction:12 - save to databases
2016-11-09 13:50:03 ERROR Navigator:57 - java.util.InputMismatchException
2016-11-09 14:16:00 ERROR Navigator:57 - java.util.InputMismatchException
2016-11-09 16:20:25 ERROR Seriazeble:27 - java.io.InvalidClassException: model.Order; local class incompatible: stream classdesc serialVersionUID = -2163731575786390735, local class serialVersionUID = -6486483913387594762
2016-11-09 16:21:40 ERROR Seriazeble:27 - java.io.InvalidClassException: model.Order; local class incompatible: stream classdesc serialVersionUID = -2163731575786390735, local class serialVersionUID = -6486483913387594762
2016-11-09 16:22:12 ERROR Seriazeble:27 - java.io.InvalidClassException: model.Order; local class incompatible: stream classdesc serialVersionUID = -2163731575786390735, local class serialVersionUID = -6486483913387594762
2016-11-09 16:24:46 ERROR Seriazeble:27 - java.io.InvalidClassException: model.Order; local class incompatible: stream classdesc serialVersionUID = -2163731575786390735, local class serialVersionUID = -6486483913387594762
2016-11-09 16:25:55 ERROR Seriazeble:27 - java.io.InvalidClassException: model.Order; local class incompatible: stream classdesc serialVersionUID = -2163731575786390735, local class serialVersionUID = -6486483913387594762
2016-11-09 16:31:32 ERROR Seriazeble:27 - java.io.InvalidClassException: model.Order; local class incompatible: stream classdesc serialVersionUID = -2163731575786390735, local class serialVersionUID = -6486483913387594762
2016-11-09 16:33:01 ERROR Seriazeble:27 - java.io.InvalidClassException: model.Order; local class incompatible: stream classdesc serialVersionUID = -2163731575786390735, local class serialVersionUID = -6486483913387594762
2016-11-09 16:35:37 ERROR Seriazeble:27 - java.io.InvalidClassException: model.Order; local class incompatible: stream classdesc serialVersionUID = -2163731575786390735, local class serialVersionUID = -6486483913387594762
2016-11-09 19:37:02 ERROR Seriazeble:27 - java.io.InvalidClassException: model.Order; local class incompatible: stream classdesc serialVersionUID = -2163731575786390735, local class serialVersionUID = -6486483913387594762
2016-11-09 19:37:13 ERROR Seriazeble:27 - java.io.InvalidClassException: model.Order; local class incompatible: stream classdesc serialVersionUID = -2163731575786390735, local class serialVersionUID = -6486483913387594762
2016-11-09 19:37:16 ERROR Navigator:57 - java.util.InputMismatchException
2016-11-09 19:41:51 ERROR Seriazeble:27 - java.io.InvalidClassException: model.Order; local class incompatible: stream classdesc serialVersionUID = -2163731575786390735, local class serialVersionUID = -1998355820590834409
2016-11-09 19:44:49 ERROR Seriazeble:34 - java.io.InvalidClassException: model.Order; local class incompatible: stream classdesc serialVersionUID = -2163731575786390735, local class serialVersionUID = -6486483913387594762
2016-11-09 19:45:54 ERROR Seriazeble:34 - java.io.InvalidClassException: model.Order; local class incompatible: stream classdesc serialVersionUID = -2163731575786390735, local class serialVersionUID = -6486483913387594762
2016-11-09 19:56:42 ERROR Navigator:57 - java.util.InputMismatchException
2016-11-09 19:57:10 INFO  SaveBaseAction:12 - save to databases
2016-11-09 19:57:43 ERROR Seriazeble:27 - java.io.InvalidClassException: model.Order; local class incompatible: stream classdesc serialVersionUID = -2163731575786390735, local class serialVersionUID = -6486483913387594762
2016-11-09 19:58:14 ERROR Navigator:57 - java.util.InputMismatchException
2016-11-09 19:58:41 ERROR Navigator:57 - java.util.InputMismatchException
2016-11-09 21:27:58 ERROR Navigator:57 - java.util.InputMismatchException
2016-11-09 21:28:13 INFO  SaveBaseAction:12 - save to databases
2016-11-09 21:29:21 ERROR Seriazeble:27 - java.io.InvalidClassException: model.Order; local class incompatible: stream classdesc serialVersionUID = -2163731575786390735, local class serialVersionUID = -6486483913387594762
2016-11-09 21:29:33 INFO  SaveBaseAction:12 - save to databases
2016-11-09 21:29:35 ERROR Navigator:57 - java.util.InputMismatchException
2016-11-09 21:36:59 INFO  SaveBaseAction:12 - save to databases
2016-11-09 21:39:27 INFO  SaveBaseAction:12 - save to databases
2016-11-09 21:39:29 ERROR Navigator:57 - java.util.InputMismatchException
2016-11-09 21:40:55 ERROR Seriazeble:27 - java.io.EOFException
2016-11-09 21:41:01 INFO  SaveBaseAction:12 - save to databases
2016-11-09 21:42:03 INFO  SaveBaseAction:12 - save to databases
2016-11-09 21:42:56 INFO  SaveBaseAction:12 - save to databases
2016-11-09 21:47:00 ERROR Seriazeble:27 - java.io.EOFException
2016-11-09 21:47:11 INFO  SaveBaseAction:12 - save to databases
2016-11-09 21:51:26 ERROR Navigator:57 - java.util.InputMismatchException
2016-11-09 21:51:35 ERROR Navigator:57 - java.util.InputMismatchException
2016-11-09 21:53:30 ERROR Navigator:57 - java.util.InputMismatchException
2016-11-09 21:57:22 ERROR Navigator:57 - java.util.InputMismatchException
2016-11-09 21:57:27 ERROR Navigator:57 - java.util.InputMismatchException
2016-11-09 22:05:54 ERROR ScannerBox:33 - java.util.InputMismatchException
2016-11-09 22:05:54 ERROR ScannerBox:33 - java.util.InputMismatchException
2016-11-09 22:07:06 ERROR Navigator:57 - java.util.InputMismatchException
2016-11-10 09:45:41 ERROR Navigator:57 - java.util.InputMismatchException
2016-11-11 09:27:02 ERROR Navigator:57 - java.util.InputMismatchException
2016-11-11 09:27:03 ERROR Seriazeble:30 - java.lang.NumberFormatException: null
2016-11-11 09:27:40 ERROR Seriazeble:30 - java.lang.NumberFormatException: null
2016-11-11 09:43:27 ERROR Navigator:57 - java.util.InputMismatchException
2016-11-11 09:43:35 ERROR Navigator:57 - java.util.InputMismatchException
2016-11-11 09:43:42 ERROR Navigator:57 - java.util.InputMismatchException
2016-11-12 12:30:47 ERROR Navigator:57 - java.util.InputMismatchException
2016-11-12 12:30:47 ERROR Navigator:57 - java.util.InputMismatchException
2016-11-12 12:30:48 ERROR Navigator:57 - java.util.InputMismatchException
2016-11-12 12:43:27 ERROR Navigator:57 - java.util.InputMismatchException
2016-11-12 12:43:28 ERROR Navigator:57 - java.util.InputMismatchException
2016-11-12 12:43:37 ERROR Navigator:57 - java.util.InputMismatchException
2016-11-12 22:29:54 ERROR Seriazeble:30 - java.io.InvalidClassException: model.Book; local class incompatible: stream classdesc serialVersionUID = 7035448861061198656, local class serialVersionUID = -7602109397831358528
2016-11-12 22:42:46 ERROR Navigator:57 - java.util.InputMismatchException
2016-11-13 12:47:51 ERROR Seriazeble:30 - java.io.InvalidClassException: model.Book; local class incompatible: stream classdesc serialVersionUID = 7035448861061198656, local class serialVersionUID = 7023638879688777786
2016-11-13 12:48:05 INFO  SaveBaseAction:16 - save to databases
2016-11-13 12:48:26 ERROR Seriazeble:30 - java.io.EOFException
2016-11-13 12:48:34 INFO  SaveBaseAction:16 - save to databases
2016-11-13 12:52:01 ERROR Navigator:57 - java.util.InputMismatchException
2016-11-13 12:52:04 ERROR Navigator:57 - java.util.InputMismatchException
2016-11-13 22:35:16 ERROR Navigator:57 - java.util.InputMismatchException
2016-11-13 22:35:20 ERROR Navigator:57 - java.util.InputMismatchException
2016-11-13 22:37:39 ERROR Navigator:57 - java.util.InputMismatchException
2016-11-15 21:27:49 ERROR PropertiesOnlineBook:39 - java.io.FileNotFoundException: resources\instance.properties (Не удается найти указанный файл)
2016-11-15 21:28:03 ERROR ScannerBox:40 - java.util.InputMismatchException
2016-11-15 21:28:04 ERROR ScannerBox:40 - java.util.InputMismatchException
