2016-10-29 16:54:16 INFO  Runner:64 - dsfgsfdlgmf;ldksgk;lsfdk
2016-10-29 16:54:34 INFO  Runner:64 - java.text.ParseException
2016-10-29 16:57:38 ERROR Runner:63 - java.text.ParseException
2016-10-29 17:03:03 INFO  WriteLoger:63 - java.text.ParseException
2016-10-29 17:16:52 INFO  Runner:63 - java.text.ParseException
2016-10-29 17:17:54 INFO  Runner:60 - java.text.ParseException
2016-10-29 18:05:32 INFO  Runner:63 - java.text.ParseException
2016-10-29 18:18:26 INFO  Runner:63 - java.text.ParseException
2016-11-01 09:04:41 INFO  Runner:62 - java.text.ParseException
2016-11-01 09:33:55 INFO  Runner:62 - java.text.ParseException
2016-11-01 09:48:43 INFO  Runner:64 - java.text.ParseException
2016-11-01 09:49:14 INFO  Runner:64 - java.text.ParseException
2016-11-01 09:49:42 ERROR Runner:64 - java.text.ParseException
2016-11-01 09:50:06 ERROR Runner:64 - java.text.ParseException
2016-11-02 10:33:10 ERROR Runner:16 - java.text.ParseException
2016-11-02 11:00:30 INFO  OnlineBook:50 - success
2016-11-02 11:01:06 INFO  OnlineBook:50 - success
2016-11-02 11:01:14 INFO  OnlineBook:50 - success
2016-11-09 12:54:40 ERROR PropertiesOnlineBook:23 - java.io.FileNotFoundException: resources\roat.properties (Не удается найти указанный файл)
2016-11-09 12:54:40 ERROR OnlineBook:70 - java.lang.NullPointerException
2016-11-09 12:54:40 ERROR OnlineBook:82 - java.lang.NullPointerException
2016-11-09 12:56:06 ERROR PropertiesOnlineBook:23 - java.io.FileNotFoundException: resources\roat.properties (Не удается найти указанный файл)
2016-11-09 16:37:25 ERROR Seriazeble:27 - java.io.InvalidClassException: model.Order; local class incompatible: stream classdesc serialVersionUID = -2163731575786390735, local class serialVersionUID = -6486483913387594762
2016-11-09 16:39:58 ERROR Seriazeble:27 - java.io.InvalidClassException: model.Order; local class incompatible: stream classdesc serialVersionUID = -2163731575786390735, local class serialVersionUID = -6486483913387594762
2016-11-09 16:40:18 ERROR Seriazeble:27 - java.io.InvalidClassException: model.Order; local class incompatible: stream classdesc serialVersionUID = -2163731575786390735, local class serialVersionUID = -6486483913387594762
2016-11-09 16:42:47 ERROR Seriazeble:27 - java.io.InvalidClassException: model.Order; local class incompatible: stream classdesc serialVersionUID = -2163731575786390735, local class serialVersionUID = -6486483913387594762
2016-11-09 16:45:31 ERROR Seriazeble:27 - java.io.InvalidClassException: model.Order; local class incompatible: stream classdesc serialVersionUID = -2163731575786390735, local class serialVersionUID = -1998355820590834409
2016-11-09 16:46:02 ERROR Seriazeble:28 - java.io.InvalidClassException: model.Order; local class incompatible: stream classdesc serialVersionUID = -2163731575786390735, local class serialVersionUID = -6486483913387594762
2016-11-09 16:46:32 ERROR Seriazeble:28 - java.io.InvalidClassException: model.Order; local class incompatible: stream classdesc serialVersionUID = -2163731575786390735, local class serialVersionUID = -6486483913387594762
2016-11-09 16:46:32 ERROR Seriazeble:28 - java.io.InvalidClassException: model.Order; local class incompatible: stream classdesc serialVersionUID = -2163731575786390735, local class serialVersionUID = -6486483913387594762
2016-11-09 16:47:04 ERROR Seriazeble:28 - java.io.InvalidClassException: model.Order; local class incompatible: stream classdesc serialVersionUID = -2163731575786390735, local class serialVersionUID = -6486483913387594762
2016-11-09 16:47:04 ERROR Seriazeble:28 - java.io.InvalidClassException: model.Order; local class incompatible: stream classdesc serialVersionUID = -2163731575786390735, local class serialVersionUID = -6486483913387594762
2016-11-09 16:47:17 ERROR Seriazeble:28 - java.io.InvalidClassException: model.Order; local class incompatible: stream classdesc serialVersionUID = -2163731575786390735, local class serialVersionUID = -6486483913387594762
2016-11-09 16:47:17 ERROR Seriazeble:28 - java.io.InvalidClassException: model.Order; local class incompatible: stream classdesc serialVersionUID = -2163731575786390735, local class serialVersionUID = -6486483913387594762
2016-11-09 16:47:35 ERROR Seriazeble:28 - java.io.InvalidClassException: model.Order; local class incompatible: stream classdesc serialVersionUID = -2163731575786390735, local class serialVersionUID = -6486483913387594762
2016-11-09 16:47:35 ERROR Seriazeble:28 - java.io.InvalidClassException: model.Order; local class incompatible: stream classdesc serialVersionUID = -2163731575786390735, local class serialVersionUID = -6486483913387594762
2016-11-09 16:54:20 ERROR Seriazeble:27 - java.io.InvalidClassException: model.Order; local class incompatible: stream classdesc serialVersionUID = -2163731575786390735, local class serialVersionUID = -6486483913387594762
2016-11-09 16:55:47 ERROR Seriazeble:27 - java.io.InvalidClassException: model.Order; local class incompatible: stream classdesc serialVersionUID = -2163731575786390735, local class serialVersionUID = -6486483913387594762
2016-11-11 09:29:24 ERROR Seriazeble:30 - java.lang.NumberFormatException: null
2016-11-11 09:32:30 ERROR Seriazeble:30 - java.lang.NumberFormatException: null
2016-11-11 09:35:40 ERROR Seriazeble:31 - java.lang.NumberFormatException: null
2016-11-11 09:37:10 ERROR Seriazeble:30 - java.io.InvalidClassException: model.Order; local class incompatible: stream classdesc serialVersionUID = -2163731575786390735, local class serialVersionUID = -6486483913387594762
2016-11-13 15:51:06 ERROR Seriazeble:30 - java.io.InvalidClassException: model.Book; local class incompatible: stream classdesc serialVersionUID = 7035448861061198656, local class serialVersionUID = 7023638879688777786
2016-11-23 16:22:39 ERROR Seriazeble:31 - java.io.InvalidClassException: model.Book; local class incompatible: stream classdesc serialVersionUID = 7035448861061198656, local class serialVersionUID = -7602109397831358528
2016-11-23 16:24:51 ERROR Seriazeble:31 - java.io.InvalidClassException: model.Book; local class incompatible: stream classdesc serialVersionUID = 7035448861061198656, local class serialVersionUID = -7602109397831358528
2016-11-23 21:12:20 ERROR Connection:62 - java.net.SocketException: Connection reset
2016-11-23 21:13:35 ERROR Server:28 - java.net.BindException: Address already in use: JVM_Bind
2016-11-23 21:13:40 ERROR Server:28 - java.net.BindException: Address already in use: JVM_Bind
2016-11-23 21:14:25 ERROR Connection:62 - java.net.SocketException: Connection reset
2016-11-23 21:40:47 ERROR Connection:62 - java.net.SocketException: Connection reset
2016-11-23 21:41:36 ERROR Server:28 - java.net.BindException: Address already in use: JVM_Bind
2016-11-23 21:43:42 ERROR Connection:62 - java.net.SocketException: Connection reset
2016-11-23 21:43:50 ERROR Server:28 - java.net.BindException: Address already in use: JVM_Bind
2016-11-23 21:45:15 ERROR Connection:62 - java.net.SocketException: Connection reset
2016-11-23 21:45:21 ERROR Connection:62 - java.net.SocketException: Connection reset
2016-11-23 21:47:37 ERROR Server:28 - java.net.BindException: Address already in use: JVM_Bind
2016-11-24 09:06:07 ERROR Server:28 - java.net.BindException: Address already in use: JVM_Bind
2016-11-24 09:23:21 ERROR Server:28 - java.net.BindException: Address already in use: JVM_Bind
2016-11-24 09:56:28 ERROR Server:28 - java.net.BindException: Address already in use: JVM_Bind
2016-11-24 09:58:46 ERROR Server:28 - java.net.BindException: Address already in use: JVM_Bind
2016-11-24 10:23:39 ERROR Server:28 - java.net.BindException: Address already in use: JVM_Bind
2016-11-24 10:23:54 ERROR Server:28 - java.net.BindException: Address already in use: JVM_Bind
2016-11-24 10:24:37 ERROR Server:28 - java.net.BindException: Address already in use: JVM_Bind
2016-11-24 10:28:16 ERROR Server:28 - java.net.BindException: Address already in use: JVM_Bind
2016-11-24 10:35:21 ERROR Server:28 - java.net.BindException: Address already in use: JVM_Bind
2016-11-24 11:06:35 ERROR Server:28 - java.net.BindException: Address already in use: JVM_Bind
2016-11-24 11:10:11 ERROR Connection:74 - java.net.SocketException: Connection reset
2016-11-24 11:16:55 ERROR Connection:74 - java.io.EOFException
2016-11-24 11:23:29 ERROR Server:28 - java.net.BindException: Address already in use: JVM_Bind
2016-11-24 11:26:13 ERROR Server:28 - java.net.BindException: Address already in use: JVM_Bind
2016-11-25 10:40:49 ERROR Connection:101 - java.net.SocketException: Connection reset
2016-11-25 10:43:41 ERROR Connection:101 - java.net.SocketException: Connection reset
2016-11-25 11:02:29 ERROR Server:37 - java.net.BindException: Address already in use: JVM_Bind
2016-11-25 11:03:09 ERROR Connection:116 - java.net.SocketException: Connection reset
2016-11-25 12:28:41 ERROR Connection:143 - java.net.SocketException: Connection reset
2016-11-25 12:30:20 ERROR Connection:143 - java.net.SocketException: Connection reset
2016-11-25 12:30:39 ERROR Connection:143 - java.net.SocketException: Connection reset
2016-11-25 13:59:57 ERROR Connection:143 - java.net.SocketException: Connection reset
2016-11-25 14:06:05 ERROR Connection:143 - java.net.SocketException: Connection reset
2016-11-25 14:09:46 ERROR Server:37 - java.net.BindException: Address already in use: JVM_Bind
2016-11-25 14:10:20 ERROR Connection:143 - java.net.SocketException: Connection reset
2016-11-26 11:25:23 ERROR Connection:149 - java.net.SocketException: Connection reset
2016-11-26 11:42:03 ERROR Connection:153 - java.net.SocketException: Connection reset
2016-11-26 15:43:52 ERROR Server:37 - java.net.BindException: Address already in use: JVM_Bind
2016-11-26 15:44:18 ERROR Connection:183 - java.net.SocketException: Connection reset
2016-11-26 15:44:41 ERROR Connection:183 - java.net.SocketException: Connection reset
2016-11-26 15:48:56 ERROR Connection:183 - java.net.SocketException: Connection reset
2016-11-26 15:52:59 ERROR Connection:183 - java.net.SocketException: Connection reset
2016-11-26 15:53:13 ERROR Connection:183 - java.net.SocketException: Connection reset
2016-11-26 15:58:09 ERROR Connection:183 - java.net.SocketException: Connection reset
2016-11-26 15:58:09 ERROR Connection:183 - java.net.SocketException: Connection reset
2016-11-26 15:58:09 ERROR Connection:183 - java.net.SocketException: Connection reset
2016-11-26 16:02:27 ERROR Connection:183 - java.net.SocketException: Connection reset
2016-11-26 16:02:27 ERROR Connection:183 - java.net.SocketException: Connection reset
2016-11-26 16:02:27 ERROR Connection:183 - java.net.SocketException: Connection reset
2016-11-26 16:02:27 ERROR Connection:183 - java.net.SocketException: Connection reset
2016-11-26 16:02:27 ERROR Connection:183 - java.net.SocketException: Connection reset
2016-11-26 16:04:05 ERROR Connection:183 - java.io.EOFException
2016-11-26 16:04:08 ERROR Connection:183 - java.io.EOFException
2016-11-26 16:04:20 ERROR Connection:183 - java.io.EOFException
2016-11-26 16:04:25 ERROR Connection:183 - java.io.EOFException
2016-11-26 16:04:26 ERROR Connection:183 - java.io.EOFException
2016-11-26 16:04:27 ERROR Connection:183 - java.io.EOFException
2016-11-26 16:04:39 ERROR Connection:183 - java.io.EOFException
2016-11-26 16:04:40 ERROR Connection:183 - java.io.EOFException
2016-11-26 16:04:42 ERROR Connection:183 - java.io.EOFException
2016-11-26 16:04:54 ERROR Connection:183 - java.io.EOFException
2016-11-26 16:04:55 ERROR Connection:183 - java.io.EOFException
2016-11-26 16:04:56 ERROR Connection:183 - java.io.EOFException
2016-11-26 16:04:56 ERROR Connection:183 - java.io.EOFException
2016-11-26 16:04:57 ERROR Connection:183 - java.io.EOFException
2016-11-26 16:04:58 ERROR Connection:183 - java.io.EOFException
2016-11-26 17:00:07 ERROR Server:41 - java.net.BindException: Address already in use: JVM_Bind
2016-11-26 17:00:29 ERROR Connection:183 - java.io.EOFException
2016-11-26 17:00:30 ERROR Connection:183 - java.io.EOFException
2016-11-26 17:00:32 ERROR Connection:183 - java.io.EOFException
2016-11-26 17:00:32 ERROR Connection:183 - java.io.EOFException
2016-11-26 17:00:33 ERROR Connection:183 - java.io.EOFException
2016-11-26 17:00:34 ERROR Connection:183 - java.io.EOFException
2016-11-26 17:00:35 ERROR Connection:183 - java.io.EOFException
2016-11-26 17:00:36 ERROR Connection:183 - java.io.EOFException
2016-11-26 17:00:39 ERROR Connection:183 - java.io.EOFException
2016-11-26 22:09:15 ERROR Server:38 - java.net.BindException: Address already in use: JVM_Bind
2016-11-26 22:11:40 ERROR Connection:183 - java.io.EOFException
2016-11-26 22:11:43 ERROR Connection:183 - java.io.EOFException
2016-11-26 22:11:45 ERROR Connection:183 - java.io.EOFException
2016-11-26 22:11:47 ERROR Connection:183 - java.io.EOFException
2016-11-26 22:11:48 ERROR Connection:183 - java.io.EOFException
2016-11-26 22:12:20 ERROR Connection:183 - java.io.EOFException
2016-11-26 22:12:26 ERROR Connection:183 - java.io.EOFException
2016-11-26 22:12:38 ERROR Connection:183 - java.io.EOFException
2016-11-26 22:13:24 ERROR Connection:183 - java.io.EOFException
2016-11-26 22:13:25 ERROR Connection:183 - java.io.EOFException
2016-11-26 22:14:09 ERROR Connection:183 - java.io.EOFException
2016-11-26 22:14:14 ERROR Connection:183 - java.io.EOFException
2016-11-26 22:14:34 ERROR Connection:183 - java.io.EOFException
2016-11-26 22:16:29 ERROR Connection:183 - java.io.EOFException
2016-11-26 22:16:33 ERROR Connection:183 - java.io.EOFException
2016-11-26 22:16:35 ERROR Connection:183 - java.io.EOFException
2016-11-26 22:16:36 ERROR Connection:183 - java.io.EOFException
2016-11-26 22:16:36 ERROR Connection:183 - java.io.EOFException
2016-11-26 22:16:51 ERROR Connection:183 - java.io.EOFException
2016-11-26 22:16:55 ERROR Connection:183 - java.io.EOFException
2016-11-26 22:24:53 ERROR Connection:183 - java.io.EOFException
2016-11-26 22:24:54 ERROR Connection:183 - java.io.EOFException
2016-11-26 22:24:55 ERROR Connection:183 - java.io.EOFException
2016-11-26 22:24:56 ERROR Connection:183 - java.io.EOFException
2016-11-26 22:24:57 ERROR Connection:183 - java.io.EOFException
2016-11-26 22:24:59 ERROR Connection:183 - java.io.EOFException
2016-11-26 22:25:08 ERROR Connection:183 - java.io.EOFException
2016-11-26 22:25:08 ERROR Connection:183 - java.io.EOFException
2016-11-26 22:25:09 ERROR Connection:183 - java.io.EOFException
2016-11-26 22:25:09 ERROR Connection:183 - java.io.EOFException
2016-11-26 22:25:10 ERROR Connection:183 - java.io.EOFException
2016-11-26 22:25:19 ERROR Connection:183 - java.io.EOFException
2016-11-26 22:25:20 ERROR Connection:183 - java.io.EOFException
2016-11-26 22:25:21 ERROR Connection:183 - java.io.EOFException
2016-11-26 22:25:22 ERROR Connection:183 - java.io.EOFException
2016-11-26 22:25:24 ERROR Connection:183 - java.io.EOFException
2016-11-26 22:25:25 ERROR Connection:183 - java.io.EOFException
2016-11-26 22:25:26 ERROR Connection:183 - java.io.EOFException
2016-11-26 22:25:26 ERROR Connection:183 - java.io.EOFException
2016-11-26 22:25:27 ERROR Connection:183 - java.io.EOFException
2016-11-26 22:25:28 ERROR Connection:183 - java.io.EOFException
2016-11-26 22:25:29 ERROR Connection:183 - java.io.EOFException
2016-11-26 22:25:37 ERROR Connection:183 - java.io.EOFException
2016-11-26 22:25:37 ERROR Connection:183 - java.io.EOFException
2016-11-26 22:25:38 ERROR Connection:183 - java.io.EOFException
2016-11-26 22:25:38 ERROR Connection:183 - java.io.EOFException
2016-11-26 22:25:39 ERROR Connection:183 - java.io.EOFException
2016-11-26 22:25:39 ERROR Connection:183 - java.io.EOFException
2016-11-26 22:25:39 ERROR Connection:183 - java.io.EOFException
2016-11-26 22:25:39 ERROR Connection:183 - java.io.EOFException
2016-11-26 22:25:40 ERROR Connection:183 - java.io.EOFException
2016-11-26 22:25:40 ERROR Connection:183 - java.io.EOFException
2016-11-26 22:25:41 ERROR Connection:183 - java.io.EOFException
2016-11-26 22:25:41 ERROR Connection:183 - java.io.EOFException
2016-11-26 22:25:42 ERROR Connection:183 - java.io.EOFException
2016-11-26 22:25:43 ERROR Connection:183 - java.io.EOFException
2016-11-26 22:25:43 ERROR Connection:183 - java.io.EOFException
2016-11-26 22:25:43 ERROR Connection:183 - java.io.EOFException
2016-11-26 22:25:44 ERROR Connection:183 - java.io.EOFException
2016-11-26 22:25:44 ERROR Connection:183 - java.io.EOFException
2016-11-26 22:25:46 ERROR Connection:183 - java.io.EOFException
2016-11-26 22:25:46 ERROR Connection:183 - java.io.EOFException
2016-11-26 22:27:49 ERROR Connection:183 - java.io.EOFException
2016-11-26 22:29:02 ERROR Connection:184 - java.io.EOFException
2016-11-26 22:29:02 ERROR Connection:184 - java.io.EOFException
2016-11-26 22:29:08 ERROR Connection:184 - java.io.EOFException
2016-11-26 22:29:08 ERROR Connection:184 - java.io.EOFException
2016-11-26 22:29:09 ERROR Connection:184 - java.io.EOFException
2016-11-26 22:29:09 ERROR Connection:184 - java.io.EOFException
2016-11-26 22:29:10 ERROR Connection:184 - java.io.EOFException
2016-11-26 22:29:10 ERROR Connection:184 - java.io.EOFException
2016-11-26 22:29:12 ERROR Connection:184 - java.io.EOFException
2016-11-26 22:29:12 ERROR Connection:184 - java.io.EOFException
2016-11-26 22:29:14 ERROR Connection:184 - java.io.EOFException
2016-11-26 22:29:14 ERROR Connection:184 - java.io.EOFException
2016-11-26 22:29:15 ERROR Connection:184 - java.io.EOFException
2016-11-26 22:29:15 ERROR Connection:184 - java.io.EOFException
2016-11-26 22:29:29 ERROR Connection:184 - java.io.EOFException
2016-11-26 22:29:29 ERROR Connection:184 - java.io.EOFException
2016-11-26 22:29:30 ERROR Connection:184 - java.io.EOFException
2016-11-26 22:29:30 ERROR Connection:184 - java.io.EOFException
2016-11-26 22:29:31 ERROR Connection:184 - java.io.EOFException
2016-11-26 22:29:31 ERROR Connection:184 - java.io.EOFException
2016-11-26 22:29:33 ERROR Connection:184 - java.io.EOFException
2016-11-26 22:29:33 ERROR Connection:184 - java.io.EOFException
2016-11-26 22:34:27 ERROR Connection:183 - java.io.EOFException
2016-11-26 22:34:30 ERROR Connection:183 - java.io.EOFException
2016-11-26 22:39:42 ERROR Connection:183 - java.io.EOFException
2016-11-26 22:53:11 ERROR Connection:183 - java.io.EOFException
2016-11-26 22:53:13 ERROR Connection:183 - java.io.EOFException
2016-11-26 22:53:23 ERROR Connection:183 - java.io.EOFException
2016-11-26 22:53:26 ERROR Connection:183 - java.io.EOFException
2016-11-27 21:40:05 ERROR Server:37 - java.net.BindException: Address already in use: JVM_Bind
2016-11-27 21:45:14 ERROR Server:37 - java.net.BindException: Address already in use: JVM_Bind
2016-11-27 21:45:37 ERROR Connection:180 - java.net.SocketException: Connection reset
2016-11-27 21:48:54 ERROR Connection:180 - java.net.SocketException: Connection reset
2016-11-27 21:56:21 ERROR Connection:180 - java.net.SocketException: Connection reset
2016-11-27 21:58:44 ERROR Connection:181 - java.net.SocketException: Software caused connection abort: socket write error
2016-11-27 21:58:44 ERROR Connection:196 - java.net.SocketException: Socket closed
2016-11-27 22:01:53 ERROR Connection:181 - java.net.SocketException: Software caused connection abort: socket write error
2016-11-27 22:01:53 ERROR Connection:196 - java.net.SocketException: Socket closed
2016-11-27 22:04:27 ERROR Connection:181 - java.net.SocketException: Software caused connection abort: socket write error
2016-11-27 22:04:27 ERROR Connection:196 - java.net.SocketException: Socket closed
2016-11-27 22:18:55 ERROR Connection:178 - java.net.SocketException: Software caused connection abort: socket write error
2016-11-27 22:18:55 ERROR Connection:193 - java.net.SocketException: Socket closed
2016-11-27 22:32:49 ERROR Connection:165 - java.net.SocketException: Software caused connection abort: socket write error
2016-11-27 22:32:49 ERROR Connection:179 - java.net.SocketException: Socket closed
2016-11-27 22:34:12 ERROR Connection:165 - java.net.SocketException: Software caused connection abort: socket write error
2016-11-27 22:34:12 ERROR Connection:179 - java.net.SocketException: Socket closed
2016-11-27 22:35:35 ERROR Connection:165 - java.net.SocketException: Software caused connection abort: socket write error
2016-11-27 22:35:35 ERROR Connection:179 - java.net.SocketException: Socket closed
